{"D:\\api_assignment(git)\\task1-web-api-Aaryan-0s\\app.js": {"path":"D:\\api_assignment(git)\\task1-web-api-Aaryan-0s\\app.js","statementMap":{"0":{"start":{"line":1,"column":0},"end":{"line":1,"column":27}},"1":{"start":{"line":2,"column":16},"end":{"line":2,"column":34}},"2":{"start":{"line":3,"column":17},"end":{"line":3,"column":36}},"3":{"start":{"line":4,"column":19},"end":{"line":4,"column":50}},"4":{"start":{"line":5,"column":22},"end":{"line":5,"column":55}},"5":{"start":{"line":6,"column":23},"end":{"line":6,"column":57}},"6":{"start":{"line":7,"column":24},"end":{"line":7,"column":59}},"7":{"start":{"line":8,"column":32},"end":{"line":8,"column":74}},"8":{"start":{"line":10,"column":11},"end":{"line":10,"column":26}},"9":{"start":{"line":14,"column":4},"end":{"line":16,"column":28}},"10":{"start":{"line":21,"column":0},"end":{"line":26,"column":7}},"11":{"start":{"line":22,"column":24},"end":{"line":22,"column":91}},"12":{"start":{"line":25,"column":28},"end":{"line":25,"column":69}},"13":{"start":{"line":29,"column":12},"end":{"line":29,"column":21}},"14":{"start":{"line":30,"column":0},"end":{"line":30,"column":16}},"15":{"start":{"line":32,"column":0},"end":{"line":32,"column":23}},"16":{"start":{"line":33,"column":0},"end":{"line":33,"column":34}},"17":{"start":{"line":37,"column":0},"end":{"line":37,"column":35}},"18":{"start":{"line":38,"column":0},"end":{"line":38,"column":41}},"19":{"start":{"line":39,"column":0},"end":{"line":39,"column":43}},"20":{"start":{"line":40,"column":0},"end":{"line":40,"column":40}},"21":{"start":{"line":41,"column":0},"end":{"line":41,"column":50}},"22":{"start":{"line":46,"column":0},"end":{"line":51,"column":3}},"23":{"start":{"line":47,"column":4},"end":{"line":47,"column":23}},"24":{"start":{"line":48,"column":4},"end":{"line":49,"column":55}},"25":{"start":{"line":48,"column":40},"end":{"line":48,"column":56}},"26":{"start":{"line":49,"column":9},"end":{"line":49,"column":55}},"27":{"start":{"line":49,"column":39},"end":{"line":49,"column":55}},"28":{"start":{"line":50,"column":4},"end":{"line":50,"column":37}},"29":{"start":{"line":54,"column":0},"end":{"line":56,"column":3}},"30":{"start":{"line":55,"column":4},"end":{"line":55,"column":54}},"31":{"start":{"line":58,"column":0},"end":{"line":58,"column":21}},"32":{"start":{"line":65,"column":38},"end":{"line":65,"column":36915}},"33":{"start":{"line":65,"column":42},"end":{"line":65,"column":36904}},"34":{"start":{"line":65,"column":36940},"end":{"line":65,"column":36980}},"35":{"start":{"line":65,"column":36944},"end":{"line":65,"column":36969}},"36":{"start":{"line":65,"column":36981},"end":{"line":65,"column":36989}},"37":{"start":{"line":65,"column":37014},"end":{"line":65,"column":37056}},"38":{"start":{"line":65,"column":37018},"end":{"line":65,"column":37045}},"39":{"start":{"line":65,"column":37057},"end":{"line":65,"column":37065}},"40":{"start":{"line":65,"column":37084},"end":{"line":65,"column":37121}},"41":{"start":{"line":65,"column":37088},"end":{"line":65,"column":37110}},"42":{"start":{"line":65,"column":37140},"end":{"line":65,"column":37180}},"43":{"start":{"line":65,"column":37144},"end":{"line":65,"column":37169}}},"fnMap":{"0":{"name":"(anonymous_0)","decl":{"start":{"line":21,"column":35},"end":{"line":21,"column":36}},"loc":{"start":{"line":21,"column":41},"end":{"line":23,"column":1}},"line":21},"1":{"name":"(anonymous_1)","decl":{"start":{"line":24,"column":11},"end":{"line":24,"column":12}},"loc":{"start":{"line":24,"column":22},"end":{"line":26,"column":5}},"line":24},"2":{"name":"(anonymous_2)","decl":{"start":{"line":46,"column":8},"end":{"line":46,"column":9}},"loc":{"start":{"line":46,"column":33},"end":{"line":51,"column":1}},"line":46},"3":{"name":"(anonymous_3)","decl":{"start":{"line":54,"column":8},"end":{"line":54,"column":9}},"loc":{"start":{"line":54,"column":22},"end":{"line":56,"column":1}},"line":54},"4":{"name":"oo_cm","decl":{"start":{"line":65,"column":30},"end":{"line":65,"column":35}},"loc":{"start":{"line":65,"column":37},"end":{"line":65,"column":36916}},"line":65},"5":{"name":"oo_oo","decl":{"start":{"line":65,"column":36926},"end":{"line":65,"column":36931}},"loc":{"start":{"line":65,"column":36939},"end":{"line":65,"column":36990}},"line":65},"6":{"name":"oo_tr","decl":{"start":{"line":65,"column":37000},"end":{"line":65,"column":37005}},"loc":{"start":{"line":65,"column":37013},"end":{"line":65,"column":37066}},"line":65},"7":{"name":"oo_ts","decl":{"start":{"line":65,"column":37076},"end":{"line":65,"column":37081}},"loc":{"start":{"line":65,"column":37083},"end":{"line":65,"column":37122}},"line":65},"8":{"name":"oo_te","decl":{"start":{"line":65,"column":37132},"end":{"line":65,"column":37137}},"loc":{"start":{"line":65,"column":37139},"end":{"line":65,"column":37181}},"line":65}},"branchMap":{"0":{"loc":{"start":{"line":14,"column":4},"end":{"line":16,"column":28}},"type":"cond-expr","locations":[{"start":{"line":15,"column":10},"end":{"line":15,"column":33}},{"start":{"line":16,"column":10},"end":{"line":16,"column":28}}],"line":14},"1":{"loc":{"start":{"line":48,"column":4},"end":{"line":49,"column":55}},"type":"if","locations":[{"start":{"line":48,"column":4},"end":{"line":49,"column":55}},{"start":{"line":49,"column":9},"end":{"line":49,"column":55}}],"line":48},"2":{"loc":{"start":{"line":49,"column":9},"end":{"line":49,"column":55}},"type":"if","locations":[{"start":{"line":49,"column":9},"end":{"line":49,"column":55}},{"start":{},"end":{}}],"line":49},"3":{"loc":{"start":{"line":65,"column":49},"end":{"line":65,"column":36903}},"type":"binary-expr","locations":[{"start":{"line":65,"column":49},"end":{"line":65,"column":86}},{"start":{"line":65,"column":90},"end":{"line":65,"column":36903}}],"line":65}},"s":{"0":5,"1":5,"2":5,"3":5,"4":5,"5":5,"6":5,"7":5,"8":5,"9":5,"10":5,"11":5,"12":0,"13":5,"14":5,"15":5,"16":5,"17":5,"18":5,"19":5,"20":5,"21":5,"22":5,"23":0,"24":0,"25":0,"26":0,"27":0,"28":0,"29":5,"30":0,"31":5,"32":5,"33":5,"34":5,"35":5,"36":5,"37":0,"38":0,"39":0,"40":0,"41":0,"42":0,"43":0},"f":{"0":5,"1":0,"2":0,"3":0,"4":5,"5":5,"6":0,"7":0,"8":0},"b":{"0":[5,0],"1":[0,0],"2":[0,0],"3":[5,5]},"_coverageSchema":"1a1c01bbd47fc00a2c39e90264f33305004495a9","hash":"451c7383884b68648aae0c4d150a86d8c29c3b3e"}
,"D:\\api_assignment(git)\\task1-web-api-Aaryan-0s\\controller\\comment_controller.js": {"path":"D:\\api_assignment(git)\\task1-web-api-Aaryan-0s\\controller\\comment_controller.js","statementMap":{"0":{"start":{"line":3,"column":21},"end":{"line":3,"column":49}},"1":{"start":{"line":4,"column":18},"end":{"line":4,"column":43}},"2":{"start":{"line":6,"column":22},"end":{"line":29,"column":1}},"3":{"start":{"line":7,"column":2},"end":{"line":28,"column":3}},"4":{"start":{"line":8,"column":24},"end":{"line":8,"column":32}},"5":{"start":{"line":9,"column":19},"end":{"line":9,"column":36}},"6":{"start":{"line":10,"column":19},"end":{"line":10,"column":29}},"7":{"start":{"line":14,"column":20},"end":{"line":20,"column":6}},"8":{"start":{"line":22,"column":4},"end":{"line":22,"column":25}},"9":{"start":{"line":24,"column":4},"end":{"line":24,"column":34}},"10":{"start":{"line":26,"column":4},"end":{"line":26,"column":64}},"11":{"start":{"line":27,"column":24},"end":{"line":27,"column":66}},"12":{"start":{"line":38,"column":22},"end":{"line":61,"column":1}},"13":{"start":{"line":39,"column":2},"end":{"line":60,"column":3}},"14":{"start":{"line":40,"column":27},"end":{"line":40,"column":37}},"15":{"start":{"line":41,"column":19},"end":{"line":41,"column":29}},"16":{"start":{"line":42,"column":24},"end":{"line":42,"column":32}},"17":{"start":{"line":45,"column":20},"end":{"line":45,"column":75}},"18":{"start":{"line":48,"column":4},"end":{"line":54,"column":5}},"19":{"start":{"line":49,"column":6},"end":{"line":49,"column":32}},"20":{"start":{"line":50,"column":6},"end":{"line":50,"column":37}},"21":{"start":{"line":51,"column":6},"end":{"line":51,"column":27}},"22":{"start":{"line":53,"column":6},"end":{"line":53,"column":94}},"23":{"start":{"line":56,"column":4},"end":{"line":56,"column":22}},"24":{"start":{"line":58,"column":4},"end":{"line":58,"column":64}},"25":{"start":{"line":59,"column":24},"end":{"line":59,"column":65}},"26":{"start":{"line":64,"column":22},"end":{"line":90,"column":1}},"27":{"start":{"line":65,"column":2},"end":{"line":89,"column":3}},"28":{"start":{"line":66,"column":27},"end":{"line":66,"column":37}},"29":{"start":{"line":67,"column":19},"end":{"line":67,"column":29}},"30":{"start":{"line":70,"column":20},"end":{"line":70,"column":75}},"31":{"start":{"line":73,"column":4},"end":{"line":75,"column":5}},"32":{"start":{"line":74,"column":6},"end":{"line":74,"column":66}},"33":{"start":{"line":78,"column":4},"end":{"line":80,"column":5}},"34":{"start":{"line":79,"column":6},"end":{"line":79,"column":94}},"35":{"start":{"line":83,"column":4},"end":{"line":83,"column":30}},"36":{"start":{"line":85,"column":4},"end":{"line":85,"column":58}},"37":{"start":{"line":87,"column":4},"end":{"line":87,"column":25}},"38":{"start":{"line":88,"column":4},"end":{"line":88,"column":64}},"39":{"start":{"line":93,"column":26},"end":{"line":129,"column":1}},"40":{"start":{"line":94,"column":2},"end":{"line":128,"column":3}},"41":{"start":{"line":95,"column":27},"end":{"line":95,"column":37}},"42":{"start":{"line":96,"column":19},"end":{"line":96,"column":29}},"43":{"start":{"line":99,"column":20},"end":{"line":99,"column":93}},"44":{"start":{"line":102,"column":4},"end":{"line":104,"column":5}},"45":{"start":{"line":103,"column":6},"end":{"line":103,"column":66}},"46":{"start":{"line":106,"column":24},"end":{"line":106,"column":80}},"47":{"start":{"line":109,"column":23},"end":{"line":109,"column":92}},"48":{"start":{"line":109,"column":57},"end":{"line":109,"column":91}},"49":{"start":{"line":111,"column":24},"end":{"line":111,"column":86}},"50":{"start":{"line":113,"column":4},"end":{"line":121,"column":5}},"51":{"start":{"line":115,"column":6},"end":{"line":115,"column":42}},"52":{"start":{"line":116,"column":6},"end":{"line":116,"column":29}},"53":{"start":{"line":119,"column":6},"end":{"line":119,"column":33}},"54":{"start":{"line":120,"column":6},"end":{"line":120,"column":29}},"55":{"start":{"line":123,"column":4},"end":{"line":123,"column":25}},"56":{"start":{"line":125,"column":4},"end":{"line":125,"column":22}},"57":{"start":{"line":127,"column":4},"end":{"line":127,"column":98}},"58":{"start":{"line":135,"column":19},"end":{"line":148,"column":1}},"59":{"start":{"line":136,"column":2},"end":{"line":147,"column":3}},"60":{"start":{"line":138,"column":23},"end":{"line":138,"column":33}},"61":{"start":{"line":139,"column":21},"end":{"line":142,"column":43}},"62":{"start":{"line":144,"column":4},"end":{"line":144,"column":23}},"63":{"start":{"line":146,"column":4},"end":{"line":146,"column":62}},"64":{"start":{"line":150,"column":0},"end":{"line":157,"column":2}},"65":{"start":{"line":164,"column":38},"end":{"line":164,"column":36915}},"66":{"start":{"line":164,"column":42},"end":{"line":164,"column":36904}},"67":{"start":{"line":164,"column":36940},"end":{"line":164,"column":36980}},"68":{"start":{"line":164,"column":36944},"end":{"line":164,"column":36969}},"69":{"start":{"line":164,"column":36981},"end":{"line":164,"column":36989}},"70":{"start":{"line":164,"column":37014},"end":{"line":164,"column":37056}},"71":{"start":{"line":164,"column":37018},"end":{"line":164,"column":37045}},"72":{"start":{"line":164,"column":37057},"end":{"line":164,"column":37065}},"73":{"start":{"line":164,"column":37084},"end":{"line":164,"column":37121}},"74":{"start":{"line":164,"column":37088},"end":{"line":164,"column":37110}},"75":{"start":{"line":164,"column":37140},"end":{"line":164,"column":37180}},"76":{"start":{"line":164,"column":37144},"end":{"line":164,"column":37169}}},"fnMap":{"0":{"name":"(anonymous_0)","decl":{"start":{"line":6,"column":22},"end":{"line":6,"column":23}},"loc":{"start":{"line":6,"column":42},"end":{"line":29,"column":1}},"line":6},"1":{"name":"(anonymous_1)","decl":{"start":{"line":38,"column":22},"end":{"line":38,"column":23}},"loc":{"start":{"line":38,"column":42},"end":{"line":61,"column":1}},"line":38},"2":{"name":"(anonymous_2)","decl":{"start":{"line":64,"column":22},"end":{"line":64,"column":23}},"loc":{"start":{"line":64,"column":42},"end":{"line":90,"column":1}},"line":64},"3":{"name":"(anonymous_3)","decl":{"start":{"line":93,"column":26},"end":{"line":93,"column":27}},"loc":{"start":{"line":93,"column":46},"end":{"line":129,"column":1}},"line":93},"4":{"name":"(anonymous_4)","decl":{"start":{"line":109,"column":47},"end":{"line":109,"column":48}},"loc":{"start":{"line":109,"column":57},"end":{"line":109,"column":91}},"line":109},"5":{"name":"(anonymous_5)","decl":{"start":{"line":135,"column":19},"end":{"line":135,"column":20}},"loc":{"start":{"line":135,"column":39},"end":{"line":148,"column":1}},"line":135},"6":{"name":"oo_cm","decl":{"start":{"line":164,"column":30},"end":{"line":164,"column":35}},"loc":{"start":{"line":164,"column":37},"end":{"line":164,"column":36916}},"line":164},"7":{"name":"oo_oo","decl":{"start":{"line":164,"column":36926},"end":{"line":164,"column":36931}},"loc":{"start":{"line":164,"column":36939},"end":{"line":164,"column":36990}},"line":164},"8":{"name":"oo_tr","decl":{"start":{"line":164,"column":37000},"end":{"line":164,"column":37005}},"loc":{"start":{"line":164,"column":37013},"end":{"line":164,"column":37066}},"line":164},"9":{"name":"oo_ts","decl":{"start":{"line":164,"column":37076},"end":{"line":164,"column":37081}},"loc":{"start":{"line":164,"column":37083},"end":{"line":164,"column":37122}},"line":164},"10":{"name":"oo_te","decl":{"start":{"line":164,"column":37132},"end":{"line":164,"column":37137}},"loc":{"start":{"line":164,"column":37139},"end":{"line":164,"column":37181}},"line":164}},"branchMap":{"0":{"loc":{"start":{"line":48,"column":4},"end":{"line":54,"column":5}},"type":"if","locations":[{"start":{"line":48,"column":4},"end":{"line":54,"column":5}},{"start":{"line":52,"column":11},"end":{"line":54,"column":5}}],"line":48},"1":{"loc":{"start":{"line":73,"column":4},"end":{"line":75,"column":5}},"type":"if","locations":[{"start":{"line":73,"column":4},"end":{"line":75,"column":5}},{"start":{},"end":{}}],"line":73},"2":{"loc":{"start":{"line":78,"column":4},"end":{"line":80,"column":5}},"type":"if","locations":[{"start":{"line":78,"column":4},"end":{"line":80,"column":5}},{"start":{},"end":{}}],"line":78},"3":{"loc":{"start":{"line":102,"column":4},"end":{"line":104,"column":5}},"type":"if","locations":[{"start":{"line":102,"column":4},"end":{"line":104,"column":5}},{"start":{},"end":{}}],"line":102},"4":{"loc":{"start":{"line":113,"column":4},"end":{"line":121,"column":5}},"type":"if","locations":[{"start":{"line":113,"column":4},"end":{"line":121,"column":5}},{"start":{"line":117,"column":11},"end":{"line":121,"column":5}}],"line":113},"5":{"loc":{"start":{"line":164,"column":49},"end":{"line":164,"column":36903}},"type":"binary-expr","locations":[{"start":{"line":164,"column":49},"end":{"line":164,"column":86}},{"start":{"line":164,"column":90},"end":{"line":164,"column":36903}}],"line":164}},"s":{"0":5,"1":5,"2":5,"3":1,"4":1,"5":1,"6":1,"7":1,"8":1,"9":1,"10":0,"11":0,"12":5,"13":1,"14":1,"15":1,"16":1,"17":1,"18":1,"19":1,"20":1,"21":1,"22":0,"23":1,"24":0,"25":0,"26":5,"27":1,"28":1,"29":1,"30":1,"31":1,"32":0,"33":1,"34":0,"35":1,"36":1,"37":0,"38":0,"39":5,"40":2,"41":2,"42":2,"43":2,"44":2,"45":0,"46":2,"47":2,"48":1,"49":2,"50":2,"51":1,"52":1,"53":1,"54":1,"55":2,"56":2,"57":0,"58":5,"59":1,"60":1,"61":1,"62":1,"63":0,"64":5,"65":4,"66":4,"67":4,"68":4,"69":4,"70":0,"71":0,"72":0,"73":0,"74":0,"75":0,"76":0},"f":{"0":1,"1":1,"2":1,"3":2,"4":1,"5":1,"6":4,"7":4,"8":0,"9":0,"10":0},"b":{"0":[1,0],"1":[0,1],"2":[0,1],"3":[0,2],"4":[1,1],"5":[4,0]},"_coverageSchema":"1a1c01bbd47fc00a2c39e90264f33305004495a9","hash":"78bdc2e6817e5f823dff679e2d1d9d6963aeca46"}
,"D:\\api_assignment(git)\\task1-web-api-Aaryan-0s\\controller\\favourite_controller.js": {"path":"D:\\api_assignment(git)\\task1-web-api-Aaryan-0s\\controller\\favourite_controller.js","statementMap":{"0":{"start":{"line":1,"column":24},"end":{"line":1,"column":54}},"1":{"start":{"line":2,"column":19},"end":{"line":2,"column":44}},"2":{"start":{"line":5,"column":21},"end":{"line":15,"column":1}},"3":{"start":{"line":6,"column":2},"end":{"line":14,"column":3}},"4":{"start":{"line":7,"column":19},"end":{"line":7,"column":29}},"5":{"start":{"line":9,"column":22},"end":{"line":9,"column":66}},"6":{"start":{"line":11,"column":4},"end":{"line":11,"column":33}},"7":{"start":{"line":13,"column":4},"end":{"line":13,"column":14}},"8":{"start":{"line":19,"column":21},"end":{"line":47,"column":1}},"9":{"start":{"line":20,"column":2},"end":{"line":46,"column":3}},"10":{"start":{"line":21,"column":19},"end":{"line":21,"column":29}},"11":{"start":{"line":22,"column":42},"end":{"line":22,"column":50}},"12":{"start":{"line":24,"column":17},"end":{"line":24,"column":50}},"13":{"start":{"line":27,"column":4},"end":{"line":29,"column":5}},"14":{"start":{"line":28,"column":6},"end":{"line":28,"column":74}},"15":{"start":{"line":31,"column":22},"end":{"line":36,"column":6}},"16":{"start":{"line":38,"column":4},"end":{"line":38,"column":33}},"17":{"start":{"line":39,"column":4},"end":{"line":39,"column":22}},"18":{"start":{"line":41,"column":4},"end":{"line":41,"column":27}},"19":{"start":{"line":43,"column":4},"end":{"line":43,"column":36}},"20":{"start":{"line":45,"column":4},"end":{"line":45,"column":14}},"21":{"start":{"line":52,"column":24},"end":{"line":71,"column":1}},"22":{"start":{"line":53,"column":4},"end":{"line":70,"column":5}},"23":{"start":{"line":54,"column":23},"end":{"line":54,"column":33}},"24":{"start":{"line":55,"column":23},"end":{"line":55,"column":36}},"25":{"start":{"line":57,"column":21},"end":{"line":57,"column":54}},"26":{"start":{"line":60,"column":26},"end":{"line":60,"column":90}},"27":{"start":{"line":62,"column":8},"end":{"line":64,"column":10}},"28":{"start":{"line":63,"column":26},"end":{"line":63,"column":58}},"29":{"start":{"line":65,"column":8},"end":{"line":65,"column":26}},"30":{"start":{"line":67,"column":8},"end":{"line":67,"column":38}},"31":{"start":{"line":69,"column":8},"end":{"line":69,"column":18}},"32":{"start":{"line":73,"column":29},"end":{"line":91,"column":1}},"33":{"start":{"line":74,"column":2},"end":{"line":90,"column":3}},"34":{"start":{"line":75,"column":19},"end":{"line":75,"column":29}},"35":{"start":{"line":76,"column":19},"end":{"line":76,"column":32}},"36":{"start":{"line":80,"column":25},"end":{"line":80,"column":87}},"37":{"start":{"line":83,"column":4},"end":{"line":85,"column":5}},"38":{"start":{"line":84,"column":6},"end":{"line":84,"column":72}},"39":{"start":{"line":87,"column":4},"end":{"line":87,"column":37}},"40":{"start":{"line":89,"column":4},"end":{"line":89,"column":14}},"41":{"start":{"line":95,"column":0},"end":{"line":100,"column":2}}},"fnMap":{"0":{"name":"(anonymous_0)","decl":{"start":{"line":5,"column":21},"end":{"line":5,"column":22}},"loc":{"start":{"line":5,"column":47},"end":{"line":15,"column":1}},"line":5},"1":{"name":"(anonymous_1)","decl":{"start":{"line":19,"column":21},"end":{"line":19,"column":22}},"loc":{"start":{"line":19,"column":47},"end":{"line":47,"column":1}},"line":19},"2":{"name":"(anonymous_2)","decl":{"start":{"line":52,"column":24},"end":{"line":52,"column":25}},"loc":{"start":{"line":52,"column":50},"end":{"line":71,"column":1}},"line":52},"3":{"name":"(anonymous_3)","decl":{"start":{"line":63,"column":10},"end":{"line":63,"column":11}},"loc":{"start":{"line":63,"column":26},"end":{"line":63,"column":58}},"line":63},"4":{"name":"(anonymous_4)","decl":{"start":{"line":73,"column":29},"end":{"line":73,"column":30}},"loc":{"start":{"line":73,"column":55},"end":{"line":91,"column":1}},"line":73}},"branchMap":{"0":{"loc":{"start":{"line":27,"column":4},"end":{"line":29,"column":5}},"type":"if","locations":[{"start":{"line":27,"column":4},"end":{"line":29,"column":5}},{"start":{},"end":{}}],"line":27},"1":{"loc":{"start":{"line":83,"column":4},"end":{"line":85,"column":5}},"type":"if","locations":[{"start":{"line":83,"column":4},"end":{"line":85,"column":5}},{"start":{},"end":{}}],"line":83}},"s":{"0":5,"1":5,"2":5,"3":1,"4":1,"5":1,"6":1,"7":0,"8":5,"9":1,"10":1,"11":1,"12":1,"13":1,"14":0,"15":1,"16":1,"17":1,"18":1,"19":1,"20":0,"21":5,"22":1,"23":1,"24":1,"25":1,"26":1,"27":1,"28":1,"29":1,"30":1,"31":0,"32":5,"33":1,"34":1,"35":1,"36":1,"37":1,"38":0,"39":1,"40":0,"41":5},"f":{"0":1,"1":1,"2":1,"3":1,"4":1},"b":{"0":[0,1],"1":[0,1]},"_coverageSchema":"1a1c01bbd47fc00a2c39e90264f33305004495a9","hash":"e6e0a80f2a9b0bfc880f79afb78325e1b97aa59b"}
,"D:\\api_assignment(git)\\task1-web-api-Aaryan-0s\\controller\\favourite_player_controller.js": {"path":"D:\\api_assignment(git)\\task1-web-api-Aaryan-0s\\controller\\favourite_player_controller.js","statementMap":{"0":{"start":{"line":1,"column":31},"end":{"line":1,"column":68}},"1":{"start":{"line":2,"column":19},"end":{"line":2,"column":44}},"2":{"start":{"line":5,"column":28},"end":{"line":15,"column":1}},"3":{"start":{"line":6,"column":2},"end":{"line":14,"column":3}},"4":{"start":{"line":7,"column":19},"end":{"line":7,"column":29}},"5":{"start":{"line":9,"column":29},"end":{"line":9,"column":80}},"6":{"start":{"line":11,"column":4},"end":{"line":11,"column":40}},"7":{"start":{"line":13,"column":4},"end":{"line":13,"column":14}},"8":{"start":{"line":19,"column":28},"end":{"line":47,"column":1}},"9":{"start":{"line":20,"column":2},"end":{"line":46,"column":3}},"10":{"start":{"line":21,"column":19},"end":{"line":21,"column":29}},"11":{"start":{"line":22,"column":47},"end":{"line":22,"column":55}},"12":{"start":{"line":24,"column":17},"end":{"line":24,"column":50}},"13":{"start":{"line":27,"column":4},"end":{"line":29,"column":5}},"14":{"start":{"line":28,"column":6},"end":{"line":28,"column":76}},"15":{"start":{"line":31,"column":29},"end":{"line":36,"column":6}},"16":{"start":{"line":38,"column":4},"end":{"line":38,"column":43}},"17":{"start":{"line":39,"column":4},"end":{"line":39,"column":22}},"18":{"start":{"line":41,"column":4},"end":{"line":41,"column":34}},"19":{"start":{"line":43,"column":4},"end":{"line":43,"column":43}},"20":{"start":{"line":45,"column":4},"end":{"line":45,"column":14}},"21":{"start":{"line":52,"column":31},"end":{"line":71,"column":1}},"22":{"start":{"line":53,"column":4},"end":{"line":70,"column":5}},"23":{"start":{"line":54,"column":23},"end":{"line":54,"column":33}},"24":{"start":{"line":55,"column":25},"end":{"line":55,"column":38}},"25":{"start":{"line":57,"column":21},"end":{"line":57,"column":54}},"26":{"start":{"line":60,"column":33},"end":{"line":60,"column":106}},"27":{"start":{"line":62,"column":8},"end":{"line":64,"column":10}},"28":{"start":{"line":63,"column":34},"end":{"line":63,"column":76}},"29":{"start":{"line":65,"column":8},"end":{"line":65,"column":26}},"30":{"start":{"line":67,"column":8},"end":{"line":67,"column":38}},"31":{"start":{"line":69,"column":8},"end":{"line":69,"column":18}},"32":{"start":{"line":73,"column":31},"end":{"line":88,"column":1}},"33":{"start":{"line":74,"column":2},"end":{"line":87,"column":3}},"34":{"start":{"line":75,"column":19},"end":{"line":75,"column":29}},"35":{"start":{"line":76,"column":21},"end":{"line":76,"column":34}},"36":{"start":{"line":78,"column":27},"end":{"line":78,"column":91}},"37":{"start":{"line":80,"column":4},"end":{"line":82,"column":5}},"38":{"start":{"line":81,"column":6},"end":{"line":81,"column":74}},"39":{"start":{"line":84,"column":4},"end":{"line":84,"column":39}},"40":{"start":{"line":86,"column":4},"end":{"line":86,"column":14}},"41":{"start":{"line":90,"column":0},"end":{"line":95,"column":2}}},"fnMap":{"0":{"name":"(anonymous_0)","decl":{"start":{"line":5,"column":28},"end":{"line":5,"column":29}},"loc":{"start":{"line":5,"column":54},"end":{"line":15,"column":1}},"line":5},"1":{"name":"(anonymous_1)","decl":{"start":{"line":19,"column":28},"end":{"line":19,"column":29}},"loc":{"start":{"line":19,"column":54},"end":{"line":47,"column":1}},"line":19},"2":{"name":"(anonymous_2)","decl":{"start":{"line":52,"column":31},"end":{"line":52,"column":32}},"loc":{"start":{"line":52,"column":57},"end":{"line":71,"column":1}},"line":52},"3":{"name":"(anonymous_3)","decl":{"start":{"line":63,"column":10},"end":{"line":63,"column":11}},"loc":{"start":{"line":63,"column":34},"end":{"line":63,"column":76}},"line":63},"4":{"name":"(anonymous_4)","decl":{"start":{"line":73,"column":31},"end":{"line":73,"column":32}},"loc":{"start":{"line":73,"column":57},"end":{"line":88,"column":1}},"line":73}},"branchMap":{"0":{"loc":{"start":{"line":27,"column":4},"end":{"line":29,"column":5}},"type":"if","locations":[{"start":{"line":27,"column":4},"end":{"line":29,"column":5}},{"start":{},"end":{}}],"line":27},"1":{"loc":{"start":{"line":80,"column":4},"end":{"line":82,"column":5}},"type":"if","locations":[{"start":{"line":80,"column":4},"end":{"line":82,"column":5}},{"start":{},"end":{}}],"line":80}},"s":{"0":5,"1":5,"2":5,"3":1,"4":1,"5":1,"6":1,"7":0,"8":5,"9":1,"10":1,"11":1,"12":1,"13":1,"14":0,"15":1,"16":1,"17":1,"18":1,"19":1,"20":0,"21":5,"22":1,"23":1,"24":1,"25":1,"26":1,"27":1,"28":1,"29":1,"30":1,"31":0,"32":5,"33":1,"34":1,"35":1,"36":1,"37":1,"38":0,"39":1,"40":0,"41":5},"f":{"0":1,"1":1,"2":1,"3":1,"4":1},"b":{"0":[0,1],"1":[0,1]},"_coverageSchema":"1a1c01bbd47fc00a2c39e90264f33305004495a9","hash":"a67c1632bd94ab2f1c2158468486d44548d67594"}
,"D:\\api_assignment(git)\\task1-web-api-Aaryan-0s\\controller\\football_controller.js": {"path":"D:\\api_assignment(git)\\task1-web-api-Aaryan-0s\\controller\\football_controller.js","statementMap":{"0":{"start":{"line":1,"column":14},"end":{"line":1,"column":30}},"1":{"start":{"line":3,"column":16},"end":{"line":46,"column":1}},"2":{"start":{"line":4,"column":22},"end":{"line":4,"column":32}},"3":{"start":{"line":5,"column":24},"end":{"line":5,"column":62}},"4":{"start":{"line":6,"column":18},"end":{"line":18,"column":3}},"5":{"start":{"line":20,"column":2},"end":{"line":45,"column":3}},"6":{"start":{"line":21,"column":21},"end":{"line":21,"column":49}},"7":{"start":{"line":24,"column":26},"end":{"line":37,"column":7}},"8":{"start":{"line":24,"column":67},"end":{"line":37,"column":5}},"9":{"start":{"line":39,"column":4},"end":{"line":42,"column":7}},"10":{"start":{"line":44,"column":4},"end":{"line":44,"column":20}},"11":{"start":{"line":48,"column":20},"end":{"line":90,"column":1}},"12":{"start":{"line":49,"column":17},"end":{"line":49,"column":27}},"13":{"start":{"line":50,"column":22},"end":{"line":50,"column":32}},"14":{"start":{"line":51,"column":24},"end":{"line":51,"column":62}},"15":{"start":{"line":53,"column":16},"end":{"line":61,"column":1}},"16":{"start":{"line":64,"column":2},"end":{"line":89,"column":3}},"17":{"start":{"line":65,"column":21},"end":{"line":65,"column":49}},"18":{"start":{"line":68,"column":26},"end":{"line":81,"column":7}},"19":{"start":{"line":68,"column":67},"end":{"line":81,"column":5}},"20":{"start":{"line":83,"column":4},"end":{"line":86,"column":7}},"21":{"start":{"line":88,"column":4},"end":{"line":88,"column":20}},"22":{"start":{"line":92,"column":22},"end":{"line":135,"column":1}},"23":{"start":{"line":93,"column":27},"end":{"line":93,"column":37}},"24":{"start":{"line":95,"column":18},"end":{"line":107,"column":3}},"25":{"start":{"line":109,"column":2},"end":{"line":134,"column":3}},"26":{"start":{"line":110,"column":21},"end":{"line":110,"column":49}},"27":{"start":{"line":113,"column":26},"end":{"line":126,"column":7}},"28":{"start":{"line":113,"column":67},"end":{"line":126,"column":5}},"29":{"start":{"line":128,"column":4},"end":{"line":131,"column":7}},"30":{"start":{"line":133,"column":4},"end":{"line":133,"column":20}},"31":{"start":{"line":138,"column":17},"end":{"line":211,"column":1}},"32":{"start":{"line":139,"column":24},"end":{"line":139,"column":34}},"33":{"start":{"line":141,"column":18},"end":{"line":149,"column":3}},"34":{"start":{"line":151,"column":2},"end":{"line":210,"column":3}},"35":{"start":{"line":152,"column":21},"end":{"line":152,"column":49}},"36":{"start":{"line":153,"column":24},"end":{"line":153,"column":74}},"37":{"start":{"line":154,"column":21},"end":{"line":154,"column":49}},"38":{"start":{"line":156,"column":22},"end":{"line":201,"column":6}},"39":{"start":{"line":158,"column":8},"end":{"line":159,"column":9}},"40":{"start":{"line":158,"column":39},"end":{"line":158,"column":68}},"41":{"start":{"line":161,"column":8},"end":{"line":162,"column":9}},"42":{"start":{"line":161,"column":39},"end":{"line":161,"column":69}},"43":{"start":{"line":164,"column":8},"end":{"line":164,"column":79}},"44":{"start":{"line":164,"column":39},"end":{"line":164,"column":66}},"45":{"start":{"line":166,"column":8},"end":{"line":167,"column":9}},"46":{"start":{"line":166,"column":39},"end":{"line":166,"column":68}},"47":{"start":{"line":169,"column":8},"end":{"line":170,"column":22}},"48":{"start":{"line":169,"column":39},"end":{"line":169,"column":70}},"49":{"start":{"line":172,"column":8},"end":{"line":173,"column":22}},"50":{"start":{"line":172,"column":39},"end":{"line":172,"column":71}},"51":{"start":{"line":175,"column":8},"end":{"line":175,"column":73}},"52":{"start":{"line":175,"column":39},"end":{"line":175,"column":60}},"53":{"start":{"line":177,"column":8},"end":{"line":178,"column":9}},"54":{"start":{"line":177,"column":39},"end":{"line":177,"column":67}},"55":{"start":{"line":180,"column":8},"end":{"line":180,"column":76}},"56":{"start":{"line":180,"column":39},"end":{"line":180,"column":63}},"57":{"start":{"line":182,"column":8},"end":{"line":183,"column":25}},"58":{"start":{"line":182,"column":39},"end":{"line":182,"column":70}},"59":{"start":{"line":186,"column":38},"end":{"line":186,"column":70}},"60":{"start":{"line":188,"column":6},"end":{"line":200,"column":8}},"61":{"start":{"line":203,"column":4},"end":{"line":206,"column":7}},"62":{"start":{"line":207,"column":24},"end":{"line":207,"column":70}},"63":{"start":{"line":209,"column":4},"end":{"line":209,"column":25}},"64":{"start":{"line":213,"column":24},"end":{"line":262,"column":1}},"65":{"start":{"line":214,"column":16},"end":{"line":214,"column":32}},"66":{"start":{"line":216,"column":18},"end":{"line":227,"column":3}},"67":{"start":{"line":229,"column":2},"end":{"line":261,"column":3}},"68":{"start":{"line":230,"column":21},"end":{"line":230,"column":49}},"69":{"start":{"line":231,"column":19},"end":{"line":231,"column":51}},"70":{"start":{"line":233,"column":22},"end":{"line":233,"column":67}},"71":{"start":{"line":235,"column":21},"end":{"line":253,"column":7}},"72":{"start":{"line":235,"column":46},"end":{"line":253,"column":5}},"73":{"start":{"line":255,"column":4},"end":{"line":258,"column":7}},"74":{"start":{"line":260,"column":4},"end":{"line":260,"column":25}},"75":{"start":{"line":264,"column":28},"end":{"line":312,"column":1}},"76":{"start":{"line":265,"column":21},"end":{"line":265,"column":31}},"77":{"start":{"line":268,"column":18},"end":{"line":280,"column":3}},"78":{"start":{"line":282,"column":2},"end":{"line":311,"column":3}},"79":{"start":{"line":283,"column":21},"end":{"line":283,"column":49}},"80":{"start":{"line":285,"column":22},"end":{"line":285,"column":67}},"81":{"start":{"line":287,"column":21},"end":{"line":303,"column":7}},"82":{"start":{"line":287,"column":46},"end":{"line":303,"column":5}},"83":{"start":{"line":305,"column":4},"end":{"line":308,"column":7}},"84":{"start":{"line":310,"column":4},"end":{"line":310,"column":25}},"85":{"start":{"line":314,"column":22},"end":{"line":350,"column":1}},"86":{"start":{"line":315,"column":18},"end":{"line":326,"column":3}},"87":{"start":{"line":328,"column":2},"end":{"line":349,"column":3}},"88":{"start":{"line":329,"column":21},"end":{"line":329,"column":49}},"89":{"start":{"line":330,"column":20},"end":{"line":330,"column":42}},"90":{"start":{"line":332,"column":23},"end":{"line":341,"column":7}},"91":{"start":{"line":332,"column":48},"end":{"line":341,"column":5}},"92":{"start":{"line":343,"column":4},"end":{"line":346,"column":7}},"93":{"start":{"line":348,"column":4},"end":{"line":348,"column":25}},"94":{"start":{"line":352,"column":25},"end":{"line":394,"column":1}},"95":{"start":{"line":353,"column":21},"end":{"line":353,"column":31}},"96":{"start":{"line":355,"column":18},"end":{"line":367,"column":3}},"97":{"start":{"line":369,"column":2},"end":{"line":393,"column":3}},"98":{"start":{"line":370,"column":21},"end":{"line":370,"column":49}},"99":{"start":{"line":371,"column":21},"end":{"line":371,"column":49}},"100":{"start":{"line":377,"column":4},"end":{"line":380,"column":7}},"101":{"start":{"line":378,"column":6},"end":{"line":378,"column":78}},"102":{"start":{"line":379,"column":6},"end":{"line":379,"column":95}},"103":{"start":{"line":382,"column":4},"end":{"line":385,"column":7}},"104":{"start":{"line":383,"column":6},"end":{"line":383,"column":82}},"105":{"start":{"line":384,"column":6},"end":{"line":384,"column":99}},"106":{"start":{"line":387,"column":4},"end":{"line":390,"column":7}},"107":{"start":{"line":392,"column":4},"end":{"line":392,"column":25}},"108":{"start":{"line":396,"column":20},"end":{"line":422,"column":1}},"109":{"start":{"line":398,"column":21},"end":{"line":398,"column":31}},"110":{"start":{"line":400,"column":16},"end":{"line":411,"column":1}},"111":{"start":{"line":413,"column":0},"end":{"line":421,"column":1}},"112":{"start":{"line":414,"column":18},"end":{"line":414,"column":46}},"113":{"start":{"line":415,"column":1},"end":{"line":418,"column":4}},"114":{"start":{"line":420,"column":1},"end":{"line":420,"column":22}},"115":{"start":{"line":424,"column":24},"end":{"line":449,"column":2}},"116":{"start":{"line":426,"column":23},"end":{"line":426,"column":33}},"117":{"start":{"line":428,"column":16},"end":{"line":439,"column":1}},"118":{"start":{"line":441,"column":0},"end":{"line":449,"column":1}},"119":{"start":{"line":442,"column":18},"end":{"line":442,"column":46}},"120":{"start":{"line":443,"column":1},"end":{"line":446,"column":4}},"121":{"start":{"line":448,"column":1},"end":{"line":448,"column":22}},"122":{"start":{"line":451,"column":18},"end":{"line":482,"column":1}},"123":{"start":{"line":454,"column":18},"end":{"line":462,"column":3}},"124":{"start":{"line":464,"column":2},"end":{"line":481,"column":3}},"125":{"start":{"line":465,"column":21},"end":{"line":465,"column":49}},"126":{"start":{"line":466,"column":23},"end":{"line":466,"column":55}},"127":{"start":{"line":469,"column":21},"end":{"line":469,"column":34}},"128":{"start":{"line":470,"column":23},"end":{"line":470,"column":38}},"129":{"start":{"line":471,"column":23},"end":{"line":471,"column":38}},"130":{"start":{"line":477,"column":4},"end":{"line":477,"column":67}},"131":{"start":{"line":479,"column":4},"end":{"line":479,"column":25}},"132":{"start":{"line":480,"column":4},"end":{"line":480,"column":67}},"133":{"start":{"line":488,"column":0},"end":{"line":500,"column":2}},"134":{"start":{"line":507,"column":38},"end":{"line":507,"column":36915}},"135":{"start":{"line":507,"column":42},"end":{"line":507,"column":36904}},"136":{"start":{"line":507,"column":36940},"end":{"line":507,"column":36980}},"137":{"start":{"line":507,"column":36944},"end":{"line":507,"column":36969}},"138":{"start":{"line":507,"column":36981},"end":{"line":507,"column":36989}},"139":{"start":{"line":507,"column":37014},"end":{"line":507,"column":37056}},"140":{"start":{"line":507,"column":37018},"end":{"line":507,"column":37045}},"141":{"start":{"line":507,"column":37057},"end":{"line":507,"column":37065}},"142":{"start":{"line":507,"column":37084},"end":{"line":507,"column":37121}},"143":{"start":{"line":507,"column":37088},"end":{"line":507,"column":37110}},"144":{"start":{"line":507,"column":37140},"end":{"line":507,"column":37180}},"145":{"start":{"line":507,"column":37144},"end":{"line":507,"column":37169}}},"fnMap":{"0":{"name":"(anonymous_0)","decl":{"start":{"line":3,"column":16},"end":{"line":3,"column":17}},"loc":{"start":{"line":3,"column":36},"end":{"line":46,"column":1}},"line":3},"1":{"name":"(anonymous_1)","decl":{"start":{"line":24,"column":53},"end":{"line":24,"column":54}},"loc":{"start":{"line":24,"column":67},"end":{"line":37,"column":5}},"line":24},"2":{"name":"(anonymous_2)","decl":{"start":{"line":48,"column":20},"end":{"line":48,"column":21}},"loc":{"start":{"line":48,"column":40},"end":{"line":90,"column":1}},"line":48},"3":{"name":"(anonymous_3)","decl":{"start":{"line":68,"column":53},"end":{"line":68,"column":54}},"loc":{"start":{"line":68,"column":67},"end":{"line":81,"column":5}},"line":68},"4":{"name":"(anonymous_4)","decl":{"start":{"line":92,"column":22},"end":{"line":92,"column":23}},"loc":{"start":{"line":92,"column":42},"end":{"line":135,"column":1}},"line":92},"5":{"name":"(anonymous_5)","decl":{"start":{"line":113,"column":53},"end":{"line":113,"column":54}},"loc":{"start":{"line":113,"column":67},"end":{"line":126,"column":5}},"line":113},"6":{"name":"(anonymous_6)","decl":{"start":{"line":138,"column":17},"end":{"line":138,"column":18}},"loc":{"start":{"line":138,"column":37},"end":{"line":211,"column":1}},"line":138},"7":{"name":"(anonymous_7)","decl":{"start":{"line":156,"column":35},"end":{"line":156,"column":36}},"loc":{"start":{"line":156,"column":45},"end":{"line":201,"column":5}},"line":156},"8":{"name":"(anonymous_8)","decl":{"start":{"line":158,"column":29},"end":{"line":158,"column":30}},"loc":{"start":{"line":158,"column":39},"end":{"line":158,"column":68}},"line":158},"9":{"name":"(anonymous_9)","decl":{"start":{"line":161,"column":29},"end":{"line":161,"column":30}},"loc":{"start":{"line":161,"column":39},"end":{"line":161,"column":69}},"line":161},"10":{"name":"(anonymous_10)","decl":{"start":{"line":164,"column":29},"end":{"line":164,"column":30}},"loc":{"start":{"line":164,"column":39},"end":{"line":164,"column":66}},"line":164},"11":{"name":"(anonymous_11)","decl":{"start":{"line":166,"column":29},"end":{"line":166,"column":30}},"loc":{"start":{"line":166,"column":39},"end":{"line":166,"column":68}},"line":166},"12":{"name":"(anonymous_12)","decl":{"start":{"line":169,"column":29},"end":{"line":169,"column":30}},"loc":{"start":{"line":169,"column":39},"end":{"line":169,"column":70}},"line":169},"13":{"name":"(anonymous_13)","decl":{"start":{"line":172,"column":29},"end":{"line":172,"column":30}},"loc":{"start":{"line":172,"column":39},"end":{"line":172,"column":71}},"line":172},"14":{"name":"(anonymous_14)","decl":{"start":{"line":175,"column":29},"end":{"line":175,"column":30}},"loc":{"start":{"line":175,"column":39},"end":{"line":175,"column":60}},"line":175},"15":{"name":"(anonymous_15)","decl":{"start":{"line":177,"column":29},"end":{"line":177,"column":30}},"loc":{"start":{"line":177,"column":39},"end":{"line":177,"column":67}},"line":177},"16":{"name":"(anonymous_16)","decl":{"start":{"line":180,"column":29},"end":{"line":180,"column":30}},"loc":{"start":{"line":180,"column":39},"end":{"line":180,"column":63}},"line":180},"17":{"name":"(anonymous_17)","decl":{"start":{"line":182,"column":29},"end":{"line":182,"column":30}},"loc":{"start":{"line":182,"column":39},"end":{"line":182,"column":70}},"line":182},"18":{"name":"(anonymous_18)","decl":{"start":{"line":213,"column":24},"end":{"line":213,"column":25}},"loc":{"start":{"line":213,"column":44},"end":{"line":262,"column":1}},"line":213},"19":{"name":"(anonymous_19)","decl":{"start":{"line":235,"column":35},"end":{"line":235,"column":36}},"loc":{"start":{"line":235,"column":46},"end":{"line":253,"column":5}},"line":235},"20":{"name":"(anonymous_20)","decl":{"start":{"line":264,"column":28},"end":{"line":264,"column":29}},"loc":{"start":{"line":264,"column":48},"end":{"line":312,"column":1}},"line":264},"21":{"name":"(anonymous_21)","decl":{"start":{"line":287,"column":35},"end":{"line":287,"column":36}},"loc":{"start":{"line":287,"column":46},"end":{"line":303,"column":5}},"line":287},"22":{"name":"(anonymous_22)","decl":{"start":{"line":314,"column":22},"end":{"line":314,"column":23}},"loc":{"start":{"line":314,"column":42},"end":{"line":350,"column":1}},"line":314},"23":{"name":"(anonymous_23)","decl":{"start":{"line":332,"column":35},"end":{"line":332,"column":36}},"loc":{"start":{"line":332,"column":48},"end":{"line":341,"column":5}},"line":332},"24":{"name":"(anonymous_24)","decl":{"start":{"line":352,"column":25},"end":{"line":352,"column":26}},"loc":{"start":{"line":352,"column":45},"end":{"line":394,"column":1}},"line":352},"25":{"name":"(anonymous_25)","decl":{"start":{"line":377,"column":48},"end":{"line":377,"column":49}},"loc":{"start":{"line":377,"column":66},"end":{"line":380,"column":5}},"line":377},"26":{"name":"(anonymous_26)","decl":{"start":{"line":382,"column":52},"end":{"line":382,"column":53}},"loc":{"start":{"line":382,"column":70},"end":{"line":385,"column":5}},"line":382},"27":{"name":"(anonymous_27)","decl":{"start":{"line":396,"column":20},"end":{"line":396,"column":21}},"loc":{"start":{"line":396,"column":40},"end":{"line":422,"column":1}},"line":396},"28":{"name":"(anonymous_28)","decl":{"start":{"line":424,"column":24},"end":{"line":424,"column":25}},"loc":{"start":{"line":424,"column":44},"end":{"line":449,"column":2}},"line":424},"29":{"name":"(anonymous_29)","decl":{"start":{"line":451,"column":18},"end":{"line":451,"column":19}},"loc":{"start":{"line":451,"column":38},"end":{"line":482,"column":1}},"line":451},"30":{"name":"oo_cm","decl":{"start":{"line":507,"column":30},"end":{"line":507,"column":35}},"loc":{"start":{"line":507,"column":37},"end":{"line":507,"column":36916}},"line":507},"31":{"name":"oo_oo","decl":{"start":{"line":507,"column":36926},"end":{"line":507,"column":36931}},"loc":{"start":{"line":507,"column":36939},"end":{"line":507,"column":36990}},"line":507},"32":{"name":"oo_tr","decl":{"start":{"line":507,"column":37000},"end":{"line":507,"column":37005}},"loc":{"start":{"line":507,"column":37013},"end":{"line":507,"column":37066}},"line":507},"33":{"name":"oo_ts","decl":{"start":{"line":507,"column":37076},"end":{"line":507,"column":37081}},"loc":{"start":{"line":507,"column":37083},"end":{"line":507,"column":37122}},"line":507},"34":{"name":"oo_te","decl":{"start":{"line":507,"column":37132},"end":{"line":507,"column":37137}},"loc":{"start":{"line":507,"column":37139},"end":{"line":507,"column":37181}},"line":507}},"branchMap":{"0":{"loc":{"start":{"line":26,"column":13},"end":{"line":28,"column":12}},"type":"cond-expr","locations":[{"start":{"line":27,"column":8},"end":{"line":27,"column":43}},{"start":{"line":28,"column":8},"end":{"line":28,"column":12}}],"line":26},"1":{"loc":{"start":{"line":34,"column":8},"end":{"line":36,"column":17}},"type":"cond-expr","locations":[{"start":{"line":35,"column":12},"end":{"line":35,"column":59}},{"start":{"line":36,"column":12},"end":{"line":36,"column":17}}],"line":34},"2":{"loc":{"start":{"line":34,"column":8},"end":{"line":34,"column":66}},"type":"binary-expr","locations":[{"start":{"line":34,"column":8},"end":{"line":34,"column":35}},{"start":{"line":34,"column":39},"end":{"line":34,"column":66}}],"line":34},"3":{"loc":{"start":{"line":70,"column":13},"end":{"line":72,"column":12}},"type":"cond-expr","locations":[{"start":{"line":71,"column":8},"end":{"line":71,"column":43}},{"start":{"line":72,"column":8},"end":{"line":72,"column":12}}],"line":70},"4":{"loc":{"start":{"line":78,"column":8},"end":{"line":80,"column":17}},"type":"cond-expr","locations":[{"start":{"line":79,"column":12},"end":{"line":79,"column":59}},{"start":{"line":80,"column":12},"end":{"line":80,"column":17}}],"line":78},"5":{"loc":{"start":{"line":78,"column":8},"end":{"line":78,"column":66}},"type":"binary-expr","locations":[{"start":{"line":78,"column":8},"end":{"line":78,"column":35}},{"start":{"line":78,"column":39},"end":{"line":78,"column":66}}],"line":78},"6":{"loc":{"start":{"line":115,"column":13},"end":{"line":117,"column":12}},"type":"cond-expr","locations":[{"start":{"line":116,"column":8},"end":{"line":116,"column":43}},{"start":{"line":117,"column":8},"end":{"line":117,"column":12}}],"line":115},"7":{"loc":{"start":{"line":123,"column":8},"end":{"line":125,"column":17}},"type":"cond-expr","locations":[{"start":{"line":124,"column":12},"end":{"line":124,"column":59}},{"start":{"line":125,"column":12},"end":{"line":125,"column":17}}],"line":123},"8":{"loc":{"start":{"line":123,"column":8},"end":{"line":123,"column":66}},"type":"binary-expr","locations":[{"start":{"line":123,"column":8},"end":{"line":123,"column":35}},{"start":{"line":123,"column":39},"end":{"line":123,"column":66}}],"line":123},"9":{"loc":{"start":{"line":154,"column":21},"end":{"line":154,"column":49}},"type":"binary-expr","locations":[{"start":{"line":154,"column":21},"end":{"line":154,"column":43}},{"start":{"line":154,"column":47},"end":{"line":154,"column":49}}],"line":154},"10":{"loc":{"start":{"line":158,"column":8},"end":{"line":159,"column":9}},"type":"binary-expr","locations":[{"start":{"line":158,"column":8},"end":{"line":158,"column":76}},{"start":{"line":159,"column":8},"end":{"line":159,"column":9}}],"line":158},"11":{"loc":{"start":{"line":161,"column":8},"end":{"line":162,"column":9}},"type":"binary-expr","locations":[{"start":{"line":161,"column":8},"end":{"line":161,"column":77}},{"start":{"line":162,"column":8},"end":{"line":162,"column":9}}],"line":161},"12":{"loc":{"start":{"line":164,"column":8},"end":{"line":164,"column":79}},"type":"binary-expr","locations":[{"start":{"line":164,"column":8},"end":{"line":164,"column":74}},{"start":{"line":164,"column":78},"end":{"line":164,"column":79}}],"line":164},"13":{"loc":{"start":{"line":166,"column":8},"end":{"line":167,"column":9}},"type":"binary-expr","locations":[{"start":{"line":166,"column":8},"end":{"line":166,"column":76}},{"start":{"line":167,"column":8},"end":{"line":167,"column":9}}],"line":166},"14":{"loc":{"start":{"line":169,"column":8},"end":{"line":170,"column":22}},"type":"binary-expr","locations":[{"start":{"line":169,"column":8},"end":{"line":170,"column":17}},{"start":{"line":170,"column":21},"end":{"line":170,"column":22}}],"line":169},"15":{"loc":{"start":{"line":172,"column":8},"end":{"line":173,"column":22}},"type":"binary-expr","locations":[{"start":{"line":172,"column":8},"end":{"line":173,"column":17}},{"start":{"line":173,"column":21},"end":{"line":173,"column":22}}],"line":172},"16":{"loc":{"start":{"line":175,"column":8},"end":{"line":175,"column":73}},"type":"binary-expr","locations":[{"start":{"line":175,"column":8},"end":{"line":175,"column":68}},{"start":{"line":175,"column":72},"end":{"line":175,"column":73}}],"line":175},"17":{"loc":{"start":{"line":177,"column":8},"end":{"line":178,"column":9}},"type":"binary-expr","locations":[{"start":{"line":177,"column":8},"end":{"line":177,"column":75}},{"start":{"line":178,"column":8},"end":{"line":178,"column":9}}],"line":177},"18":{"loc":{"start":{"line":180,"column":8},"end":{"line":180,"column":76}},"type":"binary-expr","locations":[{"start":{"line":180,"column":8},"end":{"line":180,"column":71}},{"start":{"line":180,"column":75},"end":{"line":180,"column":76}}],"line":180},"19":{"loc":{"start":{"line":182,"column":8},"end":{"line":183,"column":25}},"type":"binary-expr","locations":[{"start":{"line":182,"column":8},"end":{"line":183,"column":17}},{"start":{"line":183,"column":21},"end":{"line":183,"column":25}}],"line":182},"20":{"loc":{"start":{"line":378,"column":39},"end":{"line":378,"column":77}},"type":"cond-expr","locations":[{"start":{"line":378,"column":62},"end":{"line":378,"column":73}},{"start":{"line":378,"column":76},"end":{"line":378,"column":77}}],"line":378},"21":{"loc":{"start":{"line":379,"column":44},"end":{"line":379,"column":94}},"type":"cond-expr","locations":[{"start":{"line":379,"column":72},"end":{"line":379,"column":88}},{"start":{"line":379,"column":91},"end":{"line":379,"column":94}}],"line":379},"22":{"loc":{"start":{"line":383,"column":43},"end":{"line":383,"column":81}},"type":"cond-expr","locations":[{"start":{"line":383,"column":66},"end":{"line":383,"column":77}},{"start":{"line":383,"column":80},"end":{"line":383,"column":81}}],"line":383},"23":{"loc":{"start":{"line":384,"column":48},"end":{"line":384,"column":98}},"type":"cond-expr","locations":[{"start":{"line":384,"column":76},"end":{"line":384,"column":92}},{"start":{"line":384,"column":95},"end":{"line":384,"column":98}}],"line":384},"24":{"loc":{"start":{"line":507,"column":49},"end":{"line":507,"column":36903}},"type":"binary-expr","locations":[{"start":{"line":507,"column":49},"end":{"line":507,"column":86}},{"start":{"line":507,"column":90},"end":{"line":507,"column":36903}}],"line":507}},"s":{"0":5,"1":5,"2":1,"3":1,"4":1,"5":1,"6":1,"7":1,"8":0,"9":1,"10":0,"11":5,"12":0,"13":0,"14":0,"15":0,"16":0,"17":0,"18":0,"19":0,"20":0,"21":0,"22":5,"23":1,"24":1,"25":1,"26":1,"27":1,"28":0,"29":1,"30":0,"31":5,"32":2,"33":2,"34":2,"35":2,"36":2,"37":2,"38":2,"39":0,"40":0,"41":0,"42":0,"43":0,"44":0,"45":0,"46":0,"47":0,"48":0,"49":0,"50":0,"51":0,"52":0,"53":0,"54":0,"55":0,"56":0,"57":0,"58":0,"59":0,"60":0,"61":2,"62":2,"63":0,"64":5,"65":1,"66":1,"67":1,"68":1,"69":1,"70":1,"71":1,"72":18,"73":1,"74":0,"75":5,"76":0,"77":0,"78":0,"79":0,"80":0,"81":0,"82":0,"83":0,"84":0,"85":5,"86":1,"87":1,"88":1,"89":1,"90":1,"91":20,"92":1,"93":0,"94":5,"95":0,"96":0,"97":0,"98":0,"99":0,"100":0,"101":0,"102":0,"103":0,"104":0,"105":0,"106":0,"107":0,"108":5,"109":1,"110":1,"111":1,"112":1,"113":1,"114":0,"115":5,"116":1,"117":1,"118":1,"119":1,"120":1,"121":0,"122":5,"123":1,"124":1,"125":1,"126":1,"127":1,"128":1,"129":1,"130":1,"131":0,"132":0,"133":5,"134":4,"135":4,"136":4,"137":4,"138":4,"139":0,"140":0,"141":0,"142":0,"143":0,"144":0,"145":0},"f":{"0":1,"1":0,"2":0,"3":0,"4":1,"5":0,"6":2,"7":0,"8":0,"9":0,"10":0,"11":0,"12":0,"13":0,"14":0,"15":0,"16":0,"17":0,"18":1,"19":18,"20":0,"21":0,"22":1,"23":20,"24":0,"25":0,"26":0,"27":1,"28":1,"29":1,"30":4,"31":4,"32":0,"33":0,"34":0},"b":{"0":[0,0],"1":[0,0],"2":[0,0],"3":[0,0],"4":[0,0],"5":[0,0],"6":[0,0],"7":[0,0],"8":[0,0],"9":[2,0],"10":[0,0],"11":[0,0],"12":[0,0],"13":[0,0],"14":[0,0],"15":[0,0],"16":[0,0],"17":[0,0],"18":[0,0],"19":[0,0],"20":[0,0],"21":[0,0],"22":[0,0],"23":[0,0],"24":[4,0]},"_coverageSchema":"1a1c01bbd47fc00a2c39e90264f33305004495a9","hash":"bc6069c0aec3d4827c1007b92cf8995a72be268c"}
,"D:\\api_assignment(git)\\task1-web-api-Aaryan-0s\\controller\\user_controller.js": {"path":"D:\\api_assignment(git)\\task1-web-api-Aaryan-0s\\controller\\user_controller.js","statementMap":{"0":{"start":{"line":1,"column":18},"end":{"line":1,"column":43}},"1":{"start":{"line":2,"column":15},"end":{"line":2,"column":32}},"2":{"start":{"line":3,"column":10},"end":{"line":3,"column":28}},"3":{"start":{"line":4,"column":12},"end":{"line":4,"column":35}},"4":{"start":{"line":5,"column":19},"end":{"line":5,"column":27}},"5":{"start":{"line":6,"column":21},"end":{"line":6,"column":49}},"6":{"start":{"line":8,"column":15},"end":{"line":46,"column":1}},"7":{"start":{"line":9,"column":61},"end":{"line":9,"column":69}},"8":{"start":{"line":11,"column":2},"end":{"line":45,"column":3}},"9":{"start":{"line":12,"column":25},"end":{"line":12,"column":101}},"10":{"start":{"line":13,"column":4},"end":{"line":17,"column":5}},"11":{"start":{"line":14,"column":6},"end":{"line":16,"column":9}},"12":{"start":{"line":18,"column":27},"end":{"line":18,"column":58}},"13":{"start":{"line":20,"column":19},"end":{"line":27,"column":6}},"14":{"start":{"line":28,"column":18},"end":{"line":34,"column":5}},"15":{"start":{"line":35,"column":4},"end":{"line":39,"column":7}},"16":{"start":{"line":41,"column":24},"end":{"line":41,"column":66}},"17":{"start":{"line":42,"column":4},"end":{"line":44,"column":7}},"18":{"start":{"line":50,"column":20},"end":{"line":60,"column":1}},"19":{"start":{"line":53,"column":2},"end":{"line":55,"column":3}},"20":{"start":{"line":54,"column":4},"end":{"line":54,"column":69}},"21":{"start":{"line":56,"column":2},"end":{"line":59,"column":5}},"22":{"start":{"line":62,"column":15},"end":{"line":103,"column":1}},"23":{"start":{"line":63,"column":33},"end":{"line":63,"column":41}},"24":{"start":{"line":64,"column":2},"end":{"line":102,"column":3}},"25":{"start":{"line":65,"column":25},"end":{"line":65,"column":72}},"26":{"start":{"line":66,"column":4},"end":{"line":70,"column":5}},"27":{"start":{"line":67,"column":6},"end":{"line":69,"column":9}},"28":{"start":{"line":72,"column":28},"end":{"line":75,"column":5}},"29":{"start":{"line":77,"column":4},"end":{"line":81,"column":5}},"30":{"start":{"line":78,"column":6},"end":{"line":80,"column":9}},"31":{"start":{"line":83,"column":18},"end":{"line":90,"column":5}},"32":{"start":{"line":92,"column":4},"end":{"line":96,"column":7}},"33":{"start":{"line":98,"column":24},"end":{"line":98,"column":66}},"34":{"start":{"line":99,"column":4},"end":{"line":101,"column":7}},"35":{"start":{"line":106,"column":26},"end":{"line":145,"column":1}},"36":{"start":{"line":107,"column":17},"end":{"line":107,"column":27}},"37":{"start":{"line":108,"column":51},"end":{"line":108,"column":59}},"38":{"start":{"line":110,"column":2},"end":{"line":144,"column":3}},"39":{"start":{"line":111,"column":17},"end":{"line":111,"column":49}},"40":{"start":{"line":112,"column":4},"end":{"line":114,"column":5}},"41":{"start":{"line":113,"column":6},"end":{"line":113,"column":63}},"42":{"start":{"line":117,"column":4},"end":{"line":119,"column":5}},"43":{"start":{"line":118,"column":6},"end":{"line":118,"column":25}},"44":{"start":{"line":120,"column":4},"end":{"line":122,"column":5}},"45":{"start":{"line":121,"column":6},"end":{"line":121,"column":25}},"46":{"start":{"line":123,"column":4},"end":{"line":125,"column":5}},"47":{"start":{"line":124,"column":6},"end":{"line":124,"column":25}},"48":{"start":{"line":126,"column":4},"end":{"line":128,"column":5}},"49":{"start":{"line":127,"column":6},"end":{"line":127,"column":31}},"50":{"start":{"line":129,"column":4},"end":{"line":131,"column":5}},"51":{"start":{"line":130,"column":6},"end":{"line":130,"column":25}},"52":{"start":{"line":133,"column":24},"end":{"line":133,"column":41}},"53":{"start":{"line":135,"column":4},"end":{"line":138,"column":7}},"54":{"start":{"line":141,"column":4},"end":{"line":143,"column":7}},"55":{"start":{"line":148,"column":20},"end":{"line":173,"column":1}},"56":{"start":{"line":149,"column":17},"end":{"line":149,"column":27}},"57":{"start":{"line":151,"column":2},"end":{"line":172,"column":3}},"58":{"start":{"line":152,"column":17},"end":{"line":152,"column":49}},"59":{"start":{"line":153,"column":4},"end":{"line":155,"column":5}},"60":{"start":{"line":154,"column":6},"end":{"line":154,"column":63}},"61":{"start":{"line":157,"column":21},"end":{"line":164,"column":5}},"62":{"start":{"line":166,"column":4},"end":{"line":166,"column":32}},"63":{"start":{"line":168,"column":24},"end":{"line":168,"column":66}},"64":{"start":{"line":169,"column":4},"end":{"line":171,"column":7}},"65":{"start":{"line":175,"column":31},"end":{"line":183,"column":1}},"66":{"start":{"line":176,"column":2},"end":{"line":182,"column":3}},"67":{"start":{"line":177,"column":4},"end":{"line":177,"column":54}},"68":{"start":{"line":178,"column":24},"end":{"line":178,"column":99}},"69":{"start":{"line":180,"column":4},"end":{"line":180,"column":25}},"70":{"start":{"line":181,"column":4},"end":{"line":181,"column":56}},"71":{"start":{"line":185,"column":19},"end":{"line":204,"column":1}},"72":{"start":{"line":186,"column":17},"end":{"line":186,"column":27}},"73":{"start":{"line":187,"column":2},"end":{"line":203,"column":3}},"74":{"start":{"line":188,"column":17},"end":{"line":188,"column":49}},"75":{"start":{"line":189,"column":4},"end":{"line":191,"column":5}},"76":{"start":{"line":190,"column":6},"end":{"line":190,"column":63}},"77":{"start":{"line":194,"column":4},"end":{"line":194,"column":41}},"78":{"start":{"line":196,"column":4},"end":{"line":196,"column":47}},"79":{"start":{"line":197,"column":4},"end":{"line":197,"column":55}},"80":{"start":{"line":199,"column":24},"end":{"line":199,"column":66}},"81":{"start":{"line":200,"column":4},"end":{"line":202,"column":7}},"82":{"start":{"line":227,"column":0},"end":{"line":234,"column":2}},"83":{"start":{"line":242,"column":38},"end":{"line":242,"column":36915}},"84":{"start":{"line":242,"column":42},"end":{"line":242,"column":36904}},"85":{"start":{"line":242,"column":36940},"end":{"line":242,"column":36980}},"86":{"start":{"line":242,"column":36944},"end":{"line":242,"column":36969}},"87":{"start":{"line":242,"column":36981},"end":{"line":242,"column":36989}},"88":{"start":{"line":242,"column":37014},"end":{"line":242,"column":37056}},"89":{"start":{"line":242,"column":37018},"end":{"line":242,"column":37045}},"90":{"start":{"line":242,"column":37057},"end":{"line":242,"column":37065}},"91":{"start":{"line":242,"column":37084},"end":{"line":242,"column":37121}},"92":{"start":{"line":242,"column":37088},"end":{"line":242,"column":37110}},"93":{"start":{"line":242,"column":37140},"end":{"line":242,"column":37180}},"94":{"start":{"line":242,"column":37144},"end":{"line":242,"column":37169}}},"fnMap":{"0":{"name":"(anonymous_0)","decl":{"start":{"line":8,"column":15},"end":{"line":8,"column":16}},"loc":{"start":{"line":8,"column":35},"end":{"line":46,"column":1}},"line":8},"1":{"name":"(anonymous_1)","decl":{"start":{"line":50,"column":20},"end":{"line":50,"column":21}},"loc":{"start":{"line":50,"column":40},"end":{"line":60,"column":1}},"line":50},"2":{"name":"(anonymous_2)","decl":{"start":{"line":62,"column":15},"end":{"line":62,"column":16}},"loc":{"start":{"line":62,"column":35},"end":{"line":103,"column":1}},"line":62},"3":{"name":"(anonymous_3)","decl":{"start":{"line":106,"column":26},"end":{"line":106,"column":27}},"loc":{"start":{"line":106,"column":46},"end":{"line":145,"column":1}},"line":106},"4":{"name":"(anonymous_4)","decl":{"start":{"line":148,"column":20},"end":{"line":148,"column":21}},"loc":{"start":{"line":148,"column":40},"end":{"line":173,"column":1}},"line":148},"5":{"name":"(anonymous_5)","decl":{"start":{"line":175,"column":31},"end":{"line":175,"column":32}},"loc":{"start":{"line":175,"column":49},"end":{"line":183,"column":1}},"line":175},"6":{"name":"(anonymous_6)","decl":{"start":{"line":185,"column":19},"end":{"line":185,"column":20}},"loc":{"start":{"line":185,"column":39},"end":{"line":204,"column":1}},"line":185},"7":{"name":"oo_cm","decl":{"start":{"line":242,"column":30},"end":{"line":242,"column":35}},"loc":{"start":{"line":242,"column":37},"end":{"line":242,"column":36916}},"line":242},"8":{"name":"oo_oo","decl":{"start":{"line":242,"column":36926},"end":{"line":242,"column":36931}},"loc":{"start":{"line":242,"column":36939},"end":{"line":242,"column":36990}},"line":242},"9":{"name":"oo_tr","decl":{"start":{"line":242,"column":37000},"end":{"line":242,"column":37005}},"loc":{"start":{"line":242,"column":37013},"end":{"line":242,"column":37066}},"line":242},"10":{"name":"oo_ts","decl":{"start":{"line":242,"column":37076},"end":{"line":242,"column":37081}},"loc":{"start":{"line":242,"column":37083},"end":{"line":242,"column":37122}},"line":242},"11":{"name":"oo_te","decl":{"start":{"line":242,"column":37132},"end":{"line":242,"column":37137}},"loc":{"start":{"line":242,"column":37139},"end":{"line":242,"column":37181}},"line":242}},"branchMap":{"0":{"loc":{"start":{"line":13,"column":4},"end":{"line":17,"column":5}},"type":"if","locations":[{"start":{"line":13,"column":4},"end":{"line":17,"column":5}},{"start":{},"end":{}}],"line":13},"1":{"loc":{"start":{"line":53,"column":2},"end":{"line":55,"column":3}},"type":"if","locations":[{"start":{"line":53,"column":2},"end":{"line":55,"column":3}},{"start":{},"end":{}}],"line":53},"2":{"loc":{"start":{"line":66,"column":4},"end":{"line":70,"column":5}},"type":"if","locations":[{"start":{"line":66,"column":4},"end":{"line":70,"column":5}},{"start":{},"end":{}}],"line":66},"3":{"loc":{"start":{"line":77,"column":4},"end":{"line":81,"column":5}},"type":"if","locations":[{"start":{"line":77,"column":4},"end":{"line":81,"column":5}},{"start":{},"end":{}}],"line":77},"4":{"loc":{"start":{"line":112,"column":4},"end":{"line":114,"column":5}},"type":"if","locations":[{"start":{"line":112,"column":4},"end":{"line":114,"column":5}},{"start":{},"end":{}}],"line":112},"5":{"loc":{"start":{"line":117,"column":4},"end":{"line":119,"column":5}},"type":"if","locations":[{"start":{"line":117,"column":4},"end":{"line":119,"column":5}},{"start":{},"end":{}}],"line":117},"6":{"loc":{"start":{"line":120,"column":4},"end":{"line":122,"column":5}},"type":"if","locations":[{"start":{"line":120,"column":4},"end":{"line":122,"column":5}},{"start":{},"end":{}}],"line":120},"7":{"loc":{"start":{"line":123,"column":4},"end":{"line":125,"column":5}},"type":"if","locations":[{"start":{"line":123,"column":4},"end":{"line":125,"column":5}},{"start":{},"end":{}}],"line":123},"8":{"loc":{"start":{"line":126,"column":4},"end":{"line":128,"column":5}},"type":"if","locations":[{"start":{"line":126,"column":4},"end":{"line":128,"column":5}},{"start":{},"end":{}}],"line":126},"9":{"loc":{"start":{"line":129,"column":4},"end":{"line":131,"column":5}},"type":"if","locations":[{"start":{"line":129,"column":4},"end":{"line":131,"column":5}},{"start":{},"end":{}}],"line":129},"10":{"loc":{"start":{"line":153,"column":4},"end":{"line":155,"column":5}},"type":"if","locations":[{"start":{"line":153,"column":4},"end":{"line":155,"column":5}},{"start":{},"end":{}}],"line":153},"11":{"loc":{"start":{"line":189,"column":4},"end":{"line":191,"column":5}},"type":"if","locations":[{"start":{"line":189,"column":4},"end":{"line":191,"column":5}},{"start":{},"end":{}}],"line":189},"12":{"loc":{"start":{"line":242,"column":49},"end":{"line":242,"column":36903}},"type":"binary-expr","locations":[{"start":{"line":242,"column":49},"end":{"line":242,"column":86}},{"start":{"line":242,"column":90},"end":{"line":242,"column":36903}}],"line":242}},"s":{"0":5,"1":5,"2":5,"3":5,"4":5,"5":5,"6":5,"7":6,"8":6,"9":6,"10":6,"11":1,"12":5,"13":5,"14":5,"15":5,"16":0,"17":0,"18":5,"19":1,"20":1,"21":0,"22":5,"23":7,"24":7,"25":7,"26":7,"27":1,"28":6,"29":6,"30":1,"31":5,"32":5,"33":0,"34":0,"35":5,"36":2,"37":2,"38":2,"39":2,"40":2,"41":1,"42":1,"43":1,"44":1,"45":1,"46":1,"47":1,"48":1,"49":1,"50":1,"51":0,"52":1,"53":1,"54":0,"55":5,"56":1,"57":1,"58":1,"59":1,"60":0,"61":1,"62":1,"63":0,"64":0,"65":5,"66":1,"67":1,"68":1,"69":0,"70":0,"71":5,"72":1,"73":1,"74":1,"75":1,"76":0,"77":1,"78":1,"79":1,"80":0,"81":0,"82":5,"83":1,"84":1,"85":1,"86":1,"87":1,"88":0,"89":0,"90":0,"91":0,"92":0,"93":0,"94":0},"f":{"0":6,"1":1,"2":7,"3":2,"4":1,"5":1,"6":1,"7":1,"8":1,"9":0,"10":0,"11":0},"b":{"0":[1,5],"1":[1,0],"2":[1,6],"3":[1,5],"4":[1,1],"5":[1,0],"6":[1,0],"7":[1,0],"8":[1,0],"9":[0,1],"10":[0,1],"11":[0,1],"12":[1,0]},"_coverageSchema":"1a1c01bbd47fc00a2c39e90264f33305004495a9","hash":"94e70f7171ab3dd13e006dbebde3c4cfd4a07f2b"}
,"D:\\api_assignment(git)\\task1-web-api-Aaryan-0s\\middleware\\auth.js": {"path":"D:\\api_assignment(git)\\task1-web-api-Aaryan-0s\\middleware\\auth.js","statementMap":{"0":{"start":{"line":1,"column":12},"end":{"line":1,"column":35}},"1":{"start":{"line":2,"column":19},"end":{"line":2,"column":27}},"2":{"start":{"line":3,"column":13},"end":{"line":15,"column":1}},"3":{"start":{"line":4,"column":14},"end":{"line":4,"column":39}},"4":{"start":{"line":5,"column":2},"end":{"line":5,"column":79}},"5":{"start":{"line":5,"column":14},"end":{"line":5,"column":79}},"6":{"start":{"line":6,"column":2},"end":{"line":6,"column":30}},"7":{"start":{"line":7,"column":2},"end":{"line":13,"column":5}},"8":{"start":{"line":8,"column":4},"end":{"line":8,"column":65}},"9":{"start":{"line":8,"column":13},"end":{"line":8,"column":65}},"10":{"start":{"line":9,"column":4},"end":{"line":9,"column":28}},"11":{"start":{"line":10,"column":24},"end":{"line":10,"column":71}},"12":{"start":{"line":12,"column":4},"end":{"line":12,"column":11}},"13":{"start":{"line":17,"column":0},"end":{"line":17,"column":22}},"14":{"start":{"line":24,"column":38},"end":{"line":24,"column":36915}},"15":{"start":{"line":24,"column":42},"end":{"line":24,"column":36904}},"16":{"start":{"line":24,"column":36940},"end":{"line":24,"column":36980}},"17":{"start":{"line":24,"column":36944},"end":{"line":24,"column":36969}},"18":{"start":{"line":24,"column":36981},"end":{"line":24,"column":36989}},"19":{"start":{"line":24,"column":37014},"end":{"line":24,"column":37056}},"20":{"start":{"line":24,"column":37018},"end":{"line":24,"column":37045}},"21":{"start":{"line":24,"column":37057},"end":{"line":24,"column":37065}},"22":{"start":{"line":24,"column":37084},"end":{"line":24,"column":37121}},"23":{"start":{"line":24,"column":37088},"end":{"line":24,"column":37110}},"24":{"start":{"line":24,"column":37140},"end":{"line":24,"column":37180}},"25":{"start":{"line":24,"column":37144},"end":{"line":24,"column":37169}}},"fnMap":{"0":{"name":"(anonymous_0)","decl":{"start":{"line":3,"column":13},"end":{"line":3,"column":14}},"loc":{"start":{"line":3,"column":33},"end":{"line":15,"column":1}},"line":3},"1":{"name":"(anonymous_1)","decl":{"start":{"line":7,"column":32},"end":{"line":7,"column":33}},"loc":{"start":{"line":7,"column":50},"end":{"line":13,"column":3}},"line":7},"2":{"name":"oo_cm","decl":{"start":{"line":24,"column":30},"end":{"line":24,"column":35}},"loc":{"start":{"line":24,"column":37},"end":{"line":24,"column":36916}},"line":24},"3":{"name":"oo_oo","decl":{"start":{"line":24,"column":36926},"end":{"line":24,"column":36931}},"loc":{"start":{"line":24,"column":36939},"end":{"line":24,"column":36990}},"line":24},"4":{"name":"oo_tr","decl":{"start":{"line":24,"column":37000},"end":{"line":24,"column":37005}},"loc":{"start":{"line":24,"column":37013},"end":{"line":24,"column":37066}},"line":24},"5":{"name":"oo_ts","decl":{"start":{"line":24,"column":37076},"end":{"line":24,"column":37081}},"loc":{"start":{"line":24,"column":37083},"end":{"line":24,"column":37122}},"line":24},"6":{"name":"oo_te","decl":{"start":{"line":24,"column":37132},"end":{"line":24,"column":37137}},"loc":{"start":{"line":24,"column":37139},"end":{"line":24,"column":37181}},"line":24}},"branchMap":{"0":{"loc":{"start":{"line":5,"column":2},"end":{"line":5,"column":79}},"type":"if","locations":[{"start":{"line":5,"column":2},"end":{"line":5,"column":79}},{"start":{},"end":{}}],"line":5},"1":{"loc":{"start":{"line":8,"column":4},"end":{"line":8,"column":65}},"type":"if","locations":[{"start":{"line":8,"column":4},"end":{"line":8,"column":65}},{"start":{},"end":{}}],"line":8},"2":{"loc":{"start":{"line":24,"column":49},"end":{"line":24,"column":36903}},"type":"binary-expr","locations":[{"start":{"line":24,"column":49},"end":{"line":24,"column":86}},{"start":{"line":24,"column":90},"end":{"line":24,"column":36903}}],"line":24}},"s":{"0":5,"1":5,"2":5,"3":28,"4":28,"5":1,"6":27,"7":27,"8":27,"9":0,"10":27,"11":27,"12":27,"13":5,"14":27,"15":27,"16":27,"17":27,"18":27,"19":0,"20":0,"21":0,"22":0,"23":0,"24":0,"25":0},"f":{"0":28,"1":27,"2":27,"3":27,"4":0,"5":0,"6":0},"b":{"0":[1,27],"1":[0,27],"2":[27,0]},"_coverageSchema":"1a1c01bbd47fc00a2c39e90264f33305004495a9","hash":"e340d59cc7f56e66818b4ac40a4f71143797bd2c"}
,"D:\\api_assignment(git)\\task1-web-api-Aaryan-0s\\middleware\\uploads.js": {"path":"D:\\api_assignment(git)\\task1-web-api-Aaryan-0s\\middleware\\uploads.js","statementMap":{"0":{"start":{"line":1,"column":15},"end":{"line":1,"column":32}},"1":{"start":{"line":2,"column":16},"end":{"line":2,"column":31}},"2":{"start":{"line":3,"column":13},"end":{"line":3,"column":28}},"3":{"start":{"line":5,"column":16},"end":{"line":13,"column":2}},"4":{"start":{"line":7,"column":4},"end":{"line":7,"column":31}},"5":{"start":{"line":10,"column":14},"end":{"line":10,"column":45}},"6":{"start":{"line":11,"column":4},"end":{"line":11,"column":40}},"7":{"start":{"line":15,"column":24},"end":{"line":20,"column":1}},"8":{"start":{"line":16,"column":2},"end":{"line":18,"column":3}},"9":{"start":{"line":17,"column":4},"end":{"line":17,"column":62}},"10":{"start":{"line":19,"column":2},"end":{"line":19,"column":17}},"11":{"start":{"line":22,"column":15},"end":{"line":26,"column":27}},"12":{"start":{"line":28,"column":0},"end":{"line":28,"column":24}}},"fnMap":{"0":{"name":"(anonymous_0)","decl":{"start":{"line":6,"column":15},"end":{"line":6,"column":16}},"loc":{"start":{"line":6,"column":34},"end":{"line":8,"column":3}},"line":6},"1":{"name":"(anonymous_1)","decl":{"start":{"line":9,"column":12},"end":{"line":9,"column":13}},"loc":{"start":{"line":9,"column":31},"end":{"line":12,"column":3}},"line":9},"2":{"name":"(anonymous_2)","decl":{"start":{"line":15,"column":24},"end":{"line":15,"column":25}},"loc":{"start":{"line":15,"column":43},"end":{"line":20,"column":1}},"line":15}},"branchMap":{"0":{"loc":{"start":{"line":16,"column":2},"end":{"line":18,"column":3}},"type":"if","locations":[{"start":{"line":16,"column":2},"end":{"line":18,"column":3}},{"start":{},"end":{}}],"line":16}},"s":{"0":5,"1":5,"2":5,"3":5,"4":0,"5":0,"6":0,"7":5,"8":0,"9":0,"10":0,"11":5,"12":5},"f":{"0":0,"1":0,"2":0},"b":{"0":[0,0]},"_coverageSchema":"1a1c01bbd47fc00a2c39e90264f33305004495a9","hash":"63033c6d5c197e672503d6b32ea9f85d29a9e930"}
,"D:\\api_assignment(git)\\task1-web-api-Aaryan-0s\\models\\comment.js": {"path":"D:\\api_assignment(git)\\task1-web-api-Aaryan-0s\\models\\comment.js","statementMap":{"0":{"start":{"line":1,"column":17},"end":{"line":1,"column":36}},"1":{"start":{"line":3,"column":22},"end":{"line":44,"column":1}},"2":{"start":{"line":47,"column":16},"end":{"line":47,"column":56}},"3":{"start":{"line":49,"column":0},"end":{"line":49,"column":25}}},"fnMap":{},"branchMap":{},"s":{"0":5,"1":5,"2":5,"3":5},"f":{},"b":{},"_coverageSchema":"1a1c01bbd47fc00a2c39e90264f33305004495a9","hash":"8aa6c4aa364f04e96dc1a17e816bdf524c34bd71"}
,"D:\\api_assignment(git)\\task1-web-api-Aaryan-0s\\models\\favourite.js": {"path":"D:\\api_assignment(git)\\task1-web-api-Aaryan-0s\\models\\favourite.js","statementMap":{"0":{"start":{"line":1,"column":17},"end":{"line":1,"column":36}},"1":{"start":{"line":4,"column":22},"end":{"line":27,"column":2}},"2":{"start":{"line":29,"column":17},"end":{"line":29,"column":59}},"3":{"start":{"line":31,"column":0},"end":{"line":31,"column":26}}},"fnMap":{},"branchMap":{},"s":{"0":5,"1":5,"2":5,"3":5},"f":{},"b":{},"_coverageSchema":"1a1c01bbd47fc00a2c39e90264f33305004495a9","hash":"cb3b109f15ee30efbe4849e2338233f10a12f37d"}
,"D:\\api_assignment(git)\\task1-web-api-Aaryan-0s\\models\\favourite_player.js": {"path":"D:\\api_assignment(git)\\task1-web-api-Aaryan-0s\\models\\favourite_player.js","statementMap":{"0":{"start":{"line":1,"column":17},"end":{"line":1,"column":36}},"1":{"start":{"line":4,"column":30},"end":{"line":27,"column":2}},"2":{"start":{"line":29,"column":24},"end":{"line":29,"column":81}},"3":{"start":{"line":31,"column":0},"end":{"line":31,"column":33}}},"fnMap":{},"branchMap":{},"s":{"0":5,"1":5,"2":5,"3":5},"f":{},"b":{},"_coverageSchema":"1a1c01bbd47fc00a2c39e90264f33305004495a9","hash":"4e3295ee732a4332c953f2999d58b174cda47a08"}
,"D:\\api_assignment(git)\\task1-web-api-Aaryan-0s\\models\\user.js": {"path":"D:\\api_assignment(git)\\task1-web-api-Aaryan-0s\\models\\user.js","statementMap":{"0":{"start":{"line":1,"column":15},"end":{"line":1,"column":34}},"1":{"start":{"line":3,"column":17},"end":{"line":46,"column":20}},"2":{"start":{"line":48,"column":0},"end":{"line":48,"column":50}}},"fnMap":{},"branchMap":{},"s":{"0":5,"1":5,"2":5},"f":{},"b":{},"_coverageSchema":"1a1c01bbd47fc00a2c39e90264f33305004495a9","hash":"692ab2a7db7be95ec4d81364362b4ef83a6a9c99"}
,"D:\\api_assignment(git)\\task1-web-api-Aaryan-0s\\routes\\Comment_route.js": {"path":"D:\\api_assignment(git)\\task1-web-api-Aaryan-0s\\routes\\Comment_route.js","statementMap":{"0":{"start":{"line":1,"column":14},"end":{"line":1,"column":32}},"1":{"start":{"line":2,"column":85},"end":{"line":2,"column":128}},"2":{"start":{"line":3,"column":13},"end":{"line":3,"column":42}},"3":{"start":{"line":4,"column":20},"end":{"line":4,"column":36}},"4":{"start":{"line":6,"column":0},"end":{"line":6,"column":46}},"5":{"start":{"line":9,"column":0},"end":{"line":9,"column":50}},"6":{"start":{"line":11,"column":0},"end":{"line":11,"column":56}},"7":{"start":{"line":13,"column":0},"end":{"line":13,"column":53}},"8":{"start":{"line":16,"column":0},"end":{"line":16,"column":64}},"9":{"start":{"line":21,"column":0},"end":{"line":21,"column":29}}},"fnMap":{},"branchMap":{},"s":{"0":5,"1":5,"2":5,"3":5,"4":5,"5":5,"6":5,"7":5,"8":5,"9":5},"f":{},"b":{},"_coverageSchema":"1a1c01bbd47fc00a2c39e90264f33305004495a9","hash":"ed3abc448a43098e6aad149067ab041e479f3857"}
,"D:\\api_assignment(git)\\task1-web-api-Aaryan-0s\\routes\\favourite_player_route.js": {"path":"D:\\api_assignment(git)\\task1-web-api-Aaryan-0s\\routes\\favourite_player_route.js","statementMap":{"0":{"start":{"line":1,"column":16},"end":{"line":1,"column":34}},"1":{"start":{"line":2,"column":32},"end":{"line":2,"column":48}},"2":{"start":{"line":3,"column":13},"end":{"line":3,"column":42}},"3":{"start":{"line":4,"column":98},"end":{"line":4,"column":150}},"4":{"start":{"line":7,"column":0},"end":{"line":7,"column":76}},"5":{"start":{"line":9,"column":0},"end":{"line":9,"column":83}},"6":{"start":{"line":12,"column":0},"end":{"line":12,"column":81}},"7":{"start":{"line":15,"column":0},"end":{"line":15,"column":87}},"8":{"start":{"line":18,"column":0},"end":{"line":18,"column":41}}},"fnMap":{},"branchMap":{},"s":{"0":5,"1":5,"2":5,"3":5,"4":5,"5":5,"6":5,"7":5,"8":5},"f":{},"b":{},"_coverageSchema":"1a1c01bbd47fc00a2c39e90264f33305004495a9","hash":"51251613be52f24eff95806fef524e7457496f75"}
,"D:\\api_assignment(git)\\task1-web-api-Aaryan-0s\\routes\\favourite_route.js": {"path":"D:\\api_assignment(git)\\task1-web-api-Aaryan-0s\\routes\\favourite_route.js","statementMap":{"0":{"start":{"line":1,"column":16},"end":{"line":1,"column":34}},"1":{"start":{"line":2,"column":24},"end":{"line":2,"column":40}},"2":{"start":{"line":3,"column":13},"end":{"line":3,"column":42}},"3":{"start":{"line":4,"column":75},"end":{"line":4,"column":120}},"4":{"start":{"line":8,"column":0},"end":{"line":8,"column":54}},"5":{"start":{"line":9,"column":0},"end":{"line":9,"column":66}},"6":{"start":{"line":12,"column":0},"end":{"line":12,"column":59}},"7":{"start":{"line":15,"column":0},"end":{"line":15,"column":65}},"8":{"start":{"line":18,"column":0},"end":{"line":18,"column":33}}},"fnMap":{},"branchMap":{},"s":{"0":5,"1":5,"2":5,"3":5,"4":5,"5":5,"6":5,"7":5,"8":5},"f":{},"b":{},"_coverageSchema":"1a1c01bbd47fc00a2c39e90264f33305004495a9","hash":"13a3113fe58ce2c4c81857d4088d84cec514f2f3"}
,"D:\\api_assignment(git)\\task1-web-api-Aaryan-0s\\routes\\football-route.js": {"path":"D:\\api_assignment(git)\\task1-web-api-Aaryan-0s\\routes\\football-route.js","statementMap":{"0":{"start":{"line":1,"column":16},"end":{"line":1,"column":34}},"1":{"start":{"line":3,"column":163},"end":{"line":3,"column":207}},"2":{"start":{"line":4,"column":13},"end":{"line":4,"column":42}},"3":{"start":{"line":5,"column":21},"end":{"line":5,"column":37}},"4":{"start":{"line":8,"column":0},"end":{"line":8,"column":42}},"5":{"start":{"line":9,"column":0},"end":{"line":9,"column":49}},"6":{"start":{"line":10,"column":0},"end":{"line":10,"column":62}},"7":{"start":{"line":11,"column":0},"end":{"line":11,"column":55}},"8":{"start":{"line":12,"column":0},"end":{"line":12,"column":61}},"9":{"start":{"line":13,"column":0},"end":{"line":13,"column":61}},"10":{"start":{"line":14,"column":0},"end":{"line":14,"column":60}},"11":{"start":{"line":15,"column":0},"end":{"line":15,"column":58}},"12":{"start":{"line":16,"column":0},"end":{"line":16,"column":63}},"13":{"start":{"line":17,"column":0},"end":{"line":17,"column":72}},"14":{"start":{"line":18,"column":0},"end":{"line":18,"column":45}},"15":{"start":{"line":21,"column":0},"end":{"line":21,"column":32}}},"fnMap":{},"branchMap":{},"s":{"0":5,"1":5,"2":5,"3":5,"4":5,"5":5,"6":5,"7":5,"8":5,"9":5,"10":5,"11":5,"12":5,"13":5,"14":5,"15":5},"f":{},"b":{},"_coverageSchema":"1a1c01bbd47fc00a2c39e90264f33305004495a9","hash":"d70354992c22e6086fb56b8e5b2fc73822500c6d"}
,"D:\\api_assignment(git)\\task1-web-api-Aaryan-0s\\routes\\user_routes.js": {"path":"D:\\api_assignment(git)\\task1-web-api-Aaryan-0s\\routes\\user_routes.js","statementMap":{"0":{"start":{"line":1,"column":16},"end":{"line":1,"column":34}},"1":{"start":{"line":9,"column":4},"end":{"line":9,"column":44}},"2":{"start":{"line":11,"column":19},"end":{"line":11,"column":35}},"3":{"start":{"line":12,"column":15},"end":{"line":12,"column":47}},"4":{"start":{"line":13,"column":13},"end":{"line":13,"column":42}},"5":{"start":{"line":15,"column":0},"end":{"line":15,"column":35}},"6":{"start":{"line":17,"column":0},"end":{"line":17,"column":59}},"7":{"start":{"line":18,"column":0},"end":{"line":18,"column":53}},"8":{"start":{"line":20,"column":0},"end":{"line":20,"column":34}},"9":{"start":{"line":23,"column":0},"end":{"line":23,"column":47}},"10":{"start":{"line":24,"column":0},"end":{"line":24,"column":46}},"11":{"start":{"line":26,"column":0},"end":{"line":26,"column":28}}},"fnMap":{},"branchMap":{},"s":{"0":5,"1":5,"2":5,"3":5,"4":5,"5":5,"6":5,"7":5,"8":5,"9":5,"10":5,"11":5},"f":{},"b":{},"_coverageSchema":"1a1c01bbd47fc00a2c39e90264f33305004495a9","hash":"7174dd11d99e2e5ab6099eefbe213acd3ba02906"}
}
