TN:
SF:app.js
FN:21,(anonymous_0)
FN:24,(anonymous_1)
FN:46,(anonymous_2)
FN:54,(anonymous_3)
FN:65,oo_cm
FN:65,oo_oo
FN:65,oo_tr
FN:65,oo_ts
FN:65,oo_te
FNF:9
FNH:3
FNDA:5,(anonymous_0)
FNDA:0,(anonymous_1)
FNDA:0,(anonymous_2)
FNDA:0,(anonymous_3)
FNDA:5,oo_cm
FNDA:5,oo_oo
FNDA:0,oo_tr
FNDA:0,oo_ts
FNDA:0,oo_te
DA:1,5
DA:2,5
DA:3,5
DA:4,5
DA:5,5
DA:6,5
DA:7,5
DA:8,5
DA:10,5
DA:14,5
DA:21,5
DA:22,5
DA:25,0
DA:29,5
DA:30,5
DA:32,5
DA:33,5
DA:37,5
DA:38,5
DA:39,5
DA:40,5
DA:41,5
DA:46,5
DA:47,0
DA:48,0
DA:49,0
DA:50,0
DA:54,5
DA:55,0
DA:58,5
DA:65,5
LF:31
LH:25
BRDA:14,0,0,5
BRDA:14,0,1,0
BRDA:48,1,0,0
BRDA:48,1,1,0
BRDA:49,2,0,0
BRDA:49,2,1,0
BRDA:65,3,0,5
BRDA:65,3,1,5
BRF:8
BRH:3
end_of_record
TN:
SF:controller\comment_controller.js
FN:6,(anonymous_0)
FN:38,(anonymous_1)
FN:64,(anonymous_2)
FN:93,(anonymous_3)
FN:109,(anonymous_4)
FN:135,(anonymous_5)
FN:164,oo_cm
FN:164,oo_oo
FN:164,oo_tr
FN:164,oo_ts
FN:164,oo_te
FNF:11
FNH:8
FNDA:1,(anonymous_0)
FNDA:1,(anonymous_1)
FNDA:1,(anonymous_2)
FNDA:2,(anonymous_3)
FNDA:1,(anonymous_4)
FNDA:1,(anonymous_5)
FNDA:4,oo_cm
FNDA:4,oo_oo
FNDA:0,oo_tr
FNDA:0,oo_ts
FNDA:0,oo_te
DA:3,5
DA:4,5
DA:6,5
DA:7,1
DA:8,1
DA:9,1
DA:10,1
DA:14,1
DA:22,1
DA:24,1
DA:26,0
DA:27,0
DA:38,5
DA:39,1
DA:40,1
DA:41,1
DA:42,1
DA:45,1
DA:48,1
DA:49,1
DA:50,1
DA:51,1
DA:53,0
DA:56,1
DA:58,0
DA:59,0
DA:64,5
DA:65,1
DA:66,1
DA:67,1
DA:70,1
DA:73,1
DA:74,0
DA:78,1
DA:79,0
DA:83,1
DA:85,1
DA:87,0
DA:88,0
DA:93,5
DA:94,2
DA:95,2
DA:96,2
DA:99,2
DA:102,2
DA:103,0
DA:106,2
DA:109,2
DA:111,2
DA:113,2
DA:115,1
DA:116,1
DA:119,1
DA:120,1
DA:123,2
DA:125,2
DA:127,0
DA:135,5
DA:136,1
DA:138,1
DA:139,1
DA:144,1
DA:146,0
DA:150,5
DA:164,4
LF:65
LH:53
BRDA:48,0,0,1
BRDA:48,0,1,0
BRDA:73,1,0,0
BRDA:73,1,1,1
BRDA:78,2,0,0
BRDA:78,2,1,1
BRDA:102,3,0,0
BRDA:102,3,1,2
BRDA:113,4,0,1
BRDA:113,4,1,1
BRDA:164,5,0,4
BRDA:164,5,1,0
BRF:12
BRH:7
end_of_record
TN:
SF:controller\favourite_controller.js
FN:5,(anonymous_0)
FN:19,(anonymous_1)
FN:52,(anonymous_2)
FN:63,(anonymous_3)
FN:73,(anonymous_4)
FNF:5
FNH:5
FNDA:1,(anonymous_0)
FNDA:1,(anonymous_1)
FNDA:1,(anonymous_2)
FNDA:1,(anonymous_3)
FNDA:1,(anonymous_4)
DA:1,5
DA:2,5
DA:5,5
DA:6,1
DA:7,1
DA:9,1
DA:11,1
DA:13,0
DA:19,5
DA:20,1
DA:21,1
DA:22,1
DA:24,1
DA:27,1
DA:28,0
DA:31,1
DA:38,1
DA:39,1
DA:41,1
DA:43,1
DA:45,0
DA:52,5
DA:53,1
DA:54,1
DA:55,1
DA:57,1
DA:60,1
DA:62,1
DA:63,1
DA:65,1
DA:67,1
DA:69,0
DA:73,5
DA:74,1
DA:75,1
DA:76,1
DA:80,1
DA:83,1
DA:84,0
DA:87,1
DA:89,0
DA:95,5
LF:42
LH:36
BRDA:27,0,0,0
BRDA:27,0,1,1
BRDA:83,1,0,0
BRDA:83,1,1,1
BRF:4
BRH:2
end_of_record
TN:
SF:controller\favourite_player_controller.js
FN:5,(anonymous_0)
FN:19,(anonymous_1)
FN:52,(anonymous_2)
FN:63,(anonymous_3)
FN:73,(anonymous_4)
FNF:5
FNH:5
FNDA:1,(anonymous_0)
FNDA:1,(anonymous_1)
FNDA:1,(anonymous_2)
FNDA:1,(anonymous_3)
FNDA:1,(anonymous_4)
DA:1,5
DA:2,5
DA:5,5
DA:6,1
DA:7,1
DA:9,1
DA:11,1
DA:13,0
DA:19,5
DA:20,1
DA:21,1
DA:22,1
DA:24,1
DA:27,1
DA:28,0
DA:31,1
DA:38,1
DA:39,1
DA:41,1
DA:43,1
DA:45,0
DA:52,5
DA:53,1
DA:54,1
DA:55,1
DA:57,1
DA:60,1
DA:62,1
DA:63,1
DA:65,1
DA:67,1
DA:69,0
DA:73,5
DA:74,1
DA:75,1
DA:76,1
DA:78,1
DA:80,1
DA:81,0
DA:84,1
DA:86,0
DA:90,5
LF:42
LH:36
BRDA:27,0,0,0
BRDA:27,0,1,1
BRDA:80,1,0,0
BRDA:80,1,1,1
BRF:4
BRH:2
end_of_record
TN:
SF:controller\football_controller.js
FN:3,(anonymous_0)
FN:24,(anonymous_1)
FN:48,(anonymous_2)
FN:68,(anonymous_3)
FN:92,(anonymous_4)
FN:113,(anonymous_5)
FN:138,(anonymous_6)
FN:156,(anonymous_7)
FN:158,(anonymous_8)
FN:161,(anonymous_9)
FN:164,(anonymous_10)
FN:166,(anonymous_11)
FN:169,(anonymous_12)
FN:172,(anonymous_13)
FN:175,(anonymous_14)
FN:177,(anonymous_15)
FN:180,(anonymous_16)
FN:182,(anonymous_17)
FN:213,(anonymous_18)
FN:235,(anonymous_19)
FN:264,(anonymous_20)
FN:287,(anonymous_21)
FN:314,(anonymous_22)
FN:332,(anonymous_23)
FN:352,(anonymous_24)
FN:377,(anonymous_25)
FN:382,(anonymous_26)
FN:396,(anonymous_27)
FN:424,(anonymous_28)
FN:451,(anonymous_29)
FN:507,oo_cm
FN:507,oo_oo
FN:507,oo_tr
FN:507,oo_ts
FN:507,oo_te
FNF:35
FNH:12
FNDA:1,(anonymous_0)
FNDA:0,(anonymous_1)
FNDA:0,(anonymous_2)
FNDA:0,(anonymous_3)
FNDA:1,(anonymous_4)
FNDA:0,(anonymous_5)
FNDA:2,(anonymous_6)
FNDA:0,(anonymous_7)
FNDA:0,(anonymous_8)
FNDA:0,(anonymous_9)
FNDA:0,(anonymous_10)
FNDA:0,(anonymous_11)
FNDA:0,(anonymous_12)
FNDA:0,(anonymous_13)
FNDA:0,(anonymous_14)
FNDA:0,(anonymous_15)
FNDA:0,(anonymous_16)
FNDA:0,(anonymous_17)
FNDA:1,(anonymous_18)
FNDA:18,(anonymous_19)
FNDA:0,(anonymous_20)
FNDA:0,(anonymous_21)
FNDA:1,(anonymous_22)
FNDA:20,(anonymous_23)
FNDA:0,(anonymous_24)
FNDA:0,(anonymous_25)
FNDA:0,(anonymous_26)
FNDA:1,(anonymous_27)
FNDA:1,(anonymous_28)
FNDA:1,(anonymous_29)
FNDA:4,oo_cm
FNDA:4,oo_oo
FNDA:0,oo_tr
FNDA:0,oo_ts
FNDA:0,oo_te
DA:1,5
DA:3,5
DA:4,1
DA:5,1
DA:6,1
DA:20,1
DA:21,1
DA:24,1
DA:39,1
DA:44,0
DA:48,5
DA:49,0
DA:50,0
DA:51,0
DA:53,0
DA:64,0
DA:65,0
DA:68,0
DA:83,0
DA:88,0
DA:92,5
DA:93,1
DA:95,1
DA:109,1
DA:110,1
DA:113,1
DA:128,1
DA:133,0
DA:138,5
DA:139,2
DA:141,2
DA:151,2
DA:152,2
DA:153,2
DA:154,2
DA:156,2
DA:158,0
DA:161,0
DA:164,0
DA:166,0
DA:169,0
DA:172,0
DA:175,0
DA:177,0
DA:180,0
DA:182,0
DA:186,0
DA:188,0
DA:203,2
DA:207,2
DA:209,0
DA:213,5
DA:214,1
DA:216,1
DA:229,1
DA:230,1
DA:231,1
DA:233,1
DA:235,18
DA:255,1
DA:260,0
DA:264,5
DA:265,0
DA:268,0
DA:282,0
DA:283,0
DA:285,0
DA:287,0
DA:305,0
DA:310,0
DA:314,5
DA:315,1
DA:328,1
DA:329,1
DA:330,1
DA:332,20
DA:343,1
DA:348,0
DA:352,5
DA:353,0
DA:355,0
DA:369,0
DA:370,0
DA:371,0
DA:377,0
DA:378,0
DA:379,0
DA:382,0
DA:383,0
DA:384,0
DA:387,0
DA:392,0
DA:396,5
DA:398,1
DA:400,1
DA:413,1
DA:414,1
DA:415,1
DA:420,0
DA:424,5
DA:426,1
DA:428,1
DA:441,1
DA:442,1
DA:443,1
DA:448,0
DA:451,5
DA:454,1
DA:464,1
DA:465,1
DA:466,1
DA:469,1
DA:470,1
DA:471,1
DA:477,1
DA:479,0
DA:480,0
DA:488,5
DA:507,4
LF:119
LH:68
BRDA:26,0,0,0
BRDA:26,0,1,0
BRDA:34,1,0,0
BRDA:34,1,1,0
BRDA:34,2,0,0
BRDA:34,2,1,0
BRDA:70,3,0,0
BRDA:70,3,1,0
BRDA:78,4,0,0
BRDA:78,4,1,0
BRDA:78,5,0,0
BRDA:78,5,1,0
BRDA:115,6,0,0
BRDA:115,6,1,0
BRDA:123,7,0,0
BRDA:123,7,1,0
BRDA:123,8,0,0
BRDA:123,8,1,0
BRDA:154,9,0,2
BRDA:154,9,1,0
BRDA:158,10,0,0
BRDA:158,10,1,0
BRDA:161,11,0,0
BRDA:161,11,1,0
BRDA:164,12,0,0
BRDA:164,12,1,0
BRDA:166,13,0,0
BRDA:166,13,1,0
BRDA:169,14,0,0
BRDA:169,14,1,0
BRDA:172,15,0,0
BRDA:172,15,1,0
BRDA:175,16,0,0
BRDA:175,16,1,0
BRDA:177,17,0,0
BRDA:177,17,1,0
BRDA:180,18,0,0
BRDA:180,18,1,0
BRDA:182,19,0,0
BRDA:182,19,1,0
BRDA:378,20,0,0
BRDA:378,20,1,0
BRDA:379,21,0,0
BRDA:379,21,1,0
BRDA:383,22,0,0
BRDA:383,22,1,0
BRDA:384,23,0,0
BRDA:384,23,1,0
BRDA:507,24,0,4
BRDA:507,24,1,0
BRF:50
BRH:2
end_of_record
TN:
SF:controller\user_controller.js
FN:8,(anonymous_0)
FN:50,(anonymous_1)
FN:62,(anonymous_2)
FN:106,(anonymous_3)
FN:148,(anonymous_4)
FN:175,(anonymous_5)
FN:185,(anonymous_6)
FN:242,oo_cm
FN:242,oo_oo
FN:242,oo_tr
FN:242,oo_ts
FN:242,oo_te
FNF:12
FNH:9
FNDA:6,(anonymous_0)
FNDA:1,(anonymous_1)
FNDA:7,(anonymous_2)
FNDA:2,(anonymous_3)
FNDA:1,(anonymous_4)
FNDA:1,(anonymous_5)
FNDA:1,(anonymous_6)
FNDA:1,oo_cm
FNDA:1,oo_oo
FNDA:0,oo_tr
FNDA:0,oo_ts
FNDA:0,oo_te
DA:1,5
DA:2,5
DA:3,5
DA:4,5
DA:5,5
DA:6,5
DA:8,5
DA:9,6
DA:11,6
DA:12,6
DA:13,6
DA:14,1
DA:18,5
DA:20,5
DA:28,5
DA:35,5
DA:41,0
DA:42,0
DA:50,5
DA:53,1
DA:54,1
DA:56,0
DA:62,5
DA:63,7
DA:64,7
DA:65,7
DA:66,7
DA:67,1
DA:72,6
DA:77,6
DA:78,1
DA:83,5
DA:92,5
DA:98,0
DA:99,0
DA:106,5
DA:107,2
DA:108,2
DA:110,2
DA:111,2
DA:112,2
DA:113,1
DA:117,1
DA:118,1
DA:120,1
DA:121,1
DA:123,1
DA:124,1
DA:126,1
DA:127,1
DA:129,1
DA:130,0
DA:133,1
DA:135,1
DA:141,0
DA:148,5
DA:149,1
DA:151,1
DA:152,1
DA:153,1
DA:154,0
DA:157,1
DA:166,1
DA:168,0
DA:169,0
DA:175,5
DA:176,1
DA:177,1
DA:178,1
DA:180,0
DA:181,0
DA:185,5
DA:186,1
DA:187,1
DA:188,1
DA:189,1
DA:190,0
DA:194,1
DA:196,1
DA:197,1
DA:199,0
DA:200,0
DA:227,5
DA:242,1
LF:84
LH:69
BRDA:13,0,0,1
BRDA:13,0,1,5
BRDA:53,1,0,1
BRDA:53,1,1,0
BRDA:66,2,0,1
BRDA:66,2,1,6
BRDA:77,3,0,1
BRDA:77,3,1,5
BRDA:112,4,0,1
BRDA:112,4,1,1
BRDA:117,5,0,1
BRDA:117,5,1,0
BRDA:120,6,0,1
BRDA:120,6,1,0
BRDA:123,7,0,1
BRDA:123,7,1,0
BRDA:126,8,0,1
BRDA:126,8,1,0
BRDA:129,9,0,0
BRDA:129,9,1,1
BRDA:153,10,0,0
BRDA:153,10,1,1
BRDA:189,11,0,0
BRDA:189,11,1,1
BRDA:242,12,0,1
BRDA:242,12,1,0
BRF:26
BRH:17
end_of_record
TN:
SF:middleware\auth.js
FN:3,(anonymous_0)
FN:7,(anonymous_1)
FN:24,oo_cm
FN:24,oo_oo
FN:24,oo_tr
FN:24,oo_ts
FN:24,oo_te
FNF:7
FNH:4
FNDA:28,(anonymous_0)
FNDA:27,(anonymous_1)
FNDA:27,oo_cm
FNDA:27,oo_oo
FNDA:0,oo_tr
FNDA:0,oo_ts
FNDA:0,oo_te
DA:1,5
DA:2,5
DA:3,5
DA:4,28
DA:5,28
DA:6,27
DA:7,27
DA:8,27
DA:9,27
DA:10,27
DA:12,27
DA:17,5
DA:24,27
LF:13
LH:13
BRDA:5,0,0,1
BRDA:5,0,1,27
BRDA:8,1,0,0
BRDA:8,1,1,27
BRDA:24,2,0,27
BRDA:24,2,1,0
BRF:6
BRH:4
end_of_record
TN:
SF:middleware\uploads.js
FN:6,(anonymous_0)
FN:9,(anonymous_1)
FN:15,(anonymous_2)
FNF:3
FNH:0
FNDA:0,(anonymous_0)
FNDA:0,(anonymous_1)
FNDA:0,(anonymous_2)
DA:1,5
DA:2,5
DA:3,5
DA:5,5
DA:7,0
DA:10,0
DA:11,0
DA:15,5
DA:16,0
DA:17,0
DA:19,0
DA:22,5
DA:28,5
LF:13
LH:7
BRDA:16,0,0,0
BRDA:16,0,1,0
BRF:2
BRH:0
end_of_record
TN:
SF:models\comment.js
FNF:0
FNH:0
DA:1,5
DA:3,5
DA:47,5
DA:49,5
LF:4
LH:4
BRF:0
BRH:0
end_of_record
TN:
SF:models\favourite.js
FNF:0
FNH:0
DA:1,5
DA:4,5
DA:29,5
DA:31,5
LF:4
LH:4
BRF:0
BRH:0
end_of_record
TN:
SF:models\favourite_player.js
FNF:0
FNH:0
DA:1,5
DA:4,5
DA:29,5
DA:31,5
LF:4
LH:4
BRF:0
BRH:0
end_of_record
TN:
SF:models\user.js
FNF:0
FNH:0
DA:1,5
DA:3,5
DA:48,5
LF:3
LH:3
BRF:0
BRH:0
end_of_record
TN:
SF:routes\Comment_route.js
FNF:0
FNH:0
DA:1,5
DA:2,5
DA:3,5
DA:4,5
DA:6,5
DA:9,5
DA:11,5
DA:13,5
DA:16,5
DA:21,5
LF:10
LH:10
BRF:0
BRH:0
end_of_record
TN:
SF:routes\favourite_player_route.js
FNF:0
FNH:0
DA:1,5
DA:2,5
DA:3,5
DA:4,5
DA:7,5
DA:9,5
DA:12,5
DA:15,5
DA:18,5
LF:9
LH:9
BRF:0
BRH:0
end_of_record
TN:
SF:routes\favourite_route.js
FNF:0
FNH:0
DA:1,5
DA:2,5
DA:3,5
DA:4,5
DA:8,5
DA:9,5
DA:12,5
DA:15,5
DA:18,5
LF:9
LH:9
BRF:0
BRH:0
end_of_record
TN:
SF:routes\football-route.js
FNF:0
FNH:0
DA:1,5
DA:3,5
DA:4,5
DA:5,5
DA:8,5
DA:9,5
DA:10,5
DA:11,5
DA:12,5
DA:13,5
DA:14,5
DA:15,5
DA:16,5
DA:17,5
DA:18,5
DA:21,5
LF:16
LH:16
BRF:0
BRH:0
end_of_record
TN:
SF:routes\user_routes.js
FNF:0
FNH:0
DA:1,5
DA:9,5
DA:11,5
DA:12,5
DA:13,5
DA:15,5
DA:17,5
DA:18,5
DA:20,5
DA:23,5
DA:24,5
DA:26,5
LF:12
LH:12
BRF:0
BRH:0
end_of_record
